#
# There is insufficient memory for the Java Runtime Environment to continue.
# Native memory allocation (malloc) failed to allocate 818656 bytes for Chunk::new
# Possible reasons:
#   The system is out of physical RAM or swap space
#   The process is running with CompressedOops enabled, and the Java Heap may be blocking the growth of the native heap
# Possible solutions:
#   Reduce memory load on the system
#   Increase physical memory or swap space
#   Check if swap backing store is full
#   Decrease Java heap size (-Xmx/-Xms)
#   Decrease number of Java threads
#   Decrease Java thread stack sizes (-Xss)
#   Set larger code cache with -XX:ReservedCodeCacheSize=
#   JVM is running with Unscaled Compressed Oops mode in which the Java heap is
#     placed in the first 4GB address space. The Java Heap base address is the
#     maximum limit for the native heap growth. Please use -XX:HeapBaseMinAddress
#     to set the Java Heap base and to place the Java Heap above 4GB virtual address.
# This output file may be truncated or incomplete.
#
#  Out of Memory Error (./src/hotspot/share/memory/arena.cpp:197), pid=12260, tid=6640
#
# JRE version: OpenJDK Runtime Environment (11.0.12+7) (build 11.0.12+7-b1504.28-7817840)
# Java VM: OpenJDK 64-Bit Server VM (11.0.12+7-b1504.28-7817840, mixed mode, tiered, compressed oops, g1 gc, windows-amd64)
# No core dump will be written. Minidumps are not enabled by default on client versions of Windows
#

---------------  S U M M A R Y ------------

Command Line: --add-opens=java.base/java.util=ALL-UNNAMED --add-opens=java.base/java.lang=ALL-UNNAMED --add-opens=java.base/java.lang.invoke=ALL-UNNAMED --add-opens=java.base/java.util=ALL-UNNAMED --add-opens=java.prefs/java.util.prefs=ALL-UNNAMED --add-opens=java.prefs/java.util.prefs=ALL-UNNAMED --add-opens=java.base/java.nio.charset=ALL-UNNAMED --add-opens=java.base/java.net=ALL-UNNAMED --add-opens=java.base/java.util.concurrent.atomic=ALL-UNNAMED -Xmx2048m -Dfile.encoding=UTF-8 -Duser.country=RU -Duser.language=ru -Duser.variant org.gradle.launcher.daemon.bootstrap.GradleDaemon 7.0.2

Host: AMD Ryzen 7 4700U with Radeon Graphics         , 8 cores, 15G,  Windows 10 , 64 bit Build 19041 (10.0.19041.207)
Time: Wed Aug 10 11:23:49 2022 RTZ 2 (зима) elapsed time: 2.038536 seconds (0d 0h 0m 2s)

---------------  T H R E A D  ---------------

Current thread (0x000002a13048f800):  JavaThread "C2 CompilerThread1" daemon [_thread_in_native, id=6640, stack(0x000000f181a00000,0x000000f181b00000)]


Current CompileTask:
C2:   2038 2253   !   4       java.net.URL::<init> (543 bytes)

Stack: [0x000000f181a00000,0x000000f181b00000]
Native frames: (J=compiled Java code, j=interpreted, Vv=VM code, C=native code)
V  [jvm.dll+0x5fbcea]
V  [jvm.dll+0x731905]
V  [jvm.dll+0x732f1d]
V  [jvm.dll+0x7335d3]
V  [jvm.dll+0x247bf8]
V  [jvm.dll+0xc018c]
V  [jvm.dll+0xc06cc]
V  [jvm.dll+0x2bcc04]
V  [jvm.dll+0x5113a8]
V  [jvm.dll+0x208303]
V  [jvm.dll+0x201fe0]
V  [jvm.dll+0x1ff71f]
V  [jvm.dll+0x18868c]
V  [jvm.dll+0x20e0d7]
V  [jvm.dll+0x20c901]
V  [jvm.dll+0x6f9b7f]
V  [jvm.dll+0x6f26a5]
V  [jvm.dll+0x5fabf6]
C  [ucrtbase.dll+0x21542]
C  [KERNEL32.DLL+0x16fd4]
C  [ntdll.dll+0x4cec1]


---------------  P R O C E S S  ---------------

Threads class SMR info:
_java_thread_list=0x000002a1358f9900, length=31, elements={
0x000002a1134f9800, 0x000002a12f96d000, 0x000002a12f966800, 0x000002a1301a7000,
0x000002a1301a9000, 0x000002a1301aa000, 0x000002a1301ad800, 0x000002a1301f9800,
0x000002a1301fc800, 0x000002a1303e2800, 0x000002a13048f800, 0x000002a131e1a800,
0x000002a132117000, 0x000002a132188800, 0x000002a13286e000, 0x000002a13266a800,
0x000002a13235d800, 0x000002a1324ab000, 0x000002a132403800, 0x000002a1324fc000,
0x000002a13271c000, 0x000002a132721000, 0x000002a13271e800, 0x000002a132721800,
0x000002a132722800, 0x000002a13271c800, 0x000002a13271d800, 0x000002a13271f000,
0x000002a132720000, 0x000002a133ee1800, 0x000002a13368f800
}

Java Threads: ( => current thread )
  0x000002a1134f9800 JavaThread "main" [_thread_blocked, id=7372, stack(0x000000f180900000,0x000000f180a00000)]
  0x000002a12f96d000 JavaThread "Reference Handler" daemon [_thread_blocked, id=13768, stack(0x000000f181000000,0x000000f181100000)]
  0x000002a12f966800 JavaThread "Finalizer" daemon [_thread_blocked, id=13516, stack(0x000000f181100000,0x000000f181200000)]
  0x000002a1301a7000 JavaThread "Signal Dispatcher" daemon [_thread_blocked, id=13620, stack(0x000000f181200000,0x000000f181300000)]
  0x000002a1301a9000 JavaThread "Attach Listener" daemon [_thread_blocked, id=13788, stack(0x000000f181300000,0x000000f181400000)]
  0x000002a1301aa000 JavaThread "Service Thread" daemon [_thread_blocked, id=13444, stack(0x000000f181400000,0x000000f181500000)]
  0x000002a1301ad800 JavaThread "C2 CompilerThread0" daemon [_thread_in_native, id=13448, stack(0x000000f181500000,0x000000f181600000)]
  0x000002a1301f9800 JavaThread "C1 CompilerThread0" daemon [_thread_blocked, id=13540, stack(0x000000f181600000,0x000000f181700000)]
  0x000002a1301fc800 JavaThread "Sweeper thread" daemon [_thread_blocked, id=9584, stack(0x000000f181700000,0x000000f181800000)]
  0x000002a1303e2800 JavaThread "Common-Cleaner" daemon [_thread_blocked, id=6812, stack(0x000000f181800000,0x000000f181900000)]
=>0x000002a13048f800 JavaThread "C2 CompilerThread1" daemon [_thread_in_native, id=6640, stack(0x000000f181a00000,0x000000f181b00000)]
  0x000002a131e1a800 JavaThread "Daemon health stats" [_thread_blocked, id=5636, stack(0x000000f182000000,0x000000f182100000)]
  0x000002a132117000 JavaThread "Incoming local TCP Connector on port 51938" [_thread_in_native, id=8128, stack(0x000000f182100000,0x000000f182200000)]
  0x000002a132188800 JavaThread "Daemon periodic checks" [_thread_blocked, id=13612, stack(0x000000f182200000,0x000000f182300000)]
  0x000002a13286e000 JavaThread "Daemon" [_thread_blocked, id=12980, stack(0x000000f182300000,0x000000f182400000)]
  0x000002a13266a800 JavaThread "Handler for socket connection from /127.0.0.1:51938 to /127.0.0.1:51939" [_thread_in_native, id=13416, stack(0x000000f182400000,0x000000f182500000)]
  0x000002a13235d800 JavaThread "Cancel handler" [_thread_blocked, id=12468, stack(0x000000f182500000,0x000000f182600000)]
  0x000002a1324ab000 JavaThread "Daemon worker" [_thread_in_vm, id=12936, stack(0x000000f182600000,0x000000f182700000)]
  0x000002a132403800 JavaThread "Asynchronous log dispatcher for DefaultDaemonConnection: socket connection from /127.0.0.1:51938 to /127.0.0.1:51939" [_thread_blocked, id=13836, stack(0x000000f182700000,0x000000f182800000)]
  0x000002a1324fc000 JavaThread "Stdin handler" [_thread_blocked, id=13032, stack(0x000000f182800000,0x000000f182900000)]
  0x000002a13271c000 JavaThread "Daemon client event forwarder" [_thread_blocked, id=7812, stack(0x000000f182900000,0x000000f182a00000)]
  0x000002a132721000 JavaThread "Cache worker for file hash cache (C:\Users\Anna\.gradle\caches\7.0.2\fileHashes)" [_thread_blocked, id=13260, stack(0x000000f181b00000,0x000000f181c00000)]
  0x000002a13271e800 JavaThread "File lock request listener" [_thread_in_native, id=13152, stack(0x000000f182a00000,0x000000f182b00000)]
  0x000002a132721800 JavaThread "Cache worker for journal cache (C:\Users\Anna\.gradle\caches\journal-1)" [_thread_blocked, id=13856, stack(0x000000f182f00000,0x000000f183000000)]
  0x000002a132722800 JavaThread "Cache worker for file hash cache (C:\Users\Anna\AndroidStudioProjects\Bugs-master\.gradle\7.0.2\fileHashes)" [_thread_blocked, id=13840, stack(0x000000f183000000,0x000000f183100000)]
  0x000002a13271c800 JavaThread "File watcher server" daemon [_thread_in_native, id=12888, stack(0x000000f183100000,0x000000f183200000)]
  0x000002a13271d800 JavaThread "File watcher consumer" daemon [_thread_blocked, id=13880, stack(0x000000f183200000,0x000000f183300000)]
  0x000002a13271f000 JavaThread "Cache worker for checksums cache (C:\Users\Anna\AndroidStudioProjects\Bugs-master\.gradle\checksums)" [_thread_blocked, id=12508, stack(0x000000f183300000,0x000000f183400000)]
  0x000002a132720000 JavaThread "Cache worker for cache directory md-supplier (C:\Users\Anna\.gradle\caches\7.0.2\md-supplier)" [_thread_blocked, id=3552, stack(0x000000f183400000,0x000000f183500000)]
  0x000002a133ee1800 JavaThread "C2 CompilerThread2" daemon [_thread_blocked, id=12736, stack(0x000000f183500000,0x000000f183600000)]
  0x000002a13368f800 JavaThread "Cache worker for cache directory md-rule (C:\Users\Anna\.gradle\caches\7.0.2\md-rule)" [_thread_blocked, id=7488, stack(0x000000f183600000,0x000000f183700000)]

Other Threads:
  0x000002a130195000 VMThread "VM Thread" [stack: 0x000000f180f00000,0x000000f181000000] [id=13652]
  0x000002a1303e3800 WatcherThread [stack: 0x000000f181900000,0x000000f181a00000] [id=13660]
  0x000002a113511800 GCTaskThread "GC Thread#0" [stack: 0x000000f180a00000,0x000000f180b00000] [id=8172]
  0x000002a13112e000 GCTaskThread "GC Thread#1" [stack: 0x000000f181c00000,0x000000f181d00000] [id=12868]
  0x000002a13079c000 GCTaskThread "GC Thread#2" [stack: 0x000000f181d00000,0x000000f181e00000] [id=12348]
  0x000002a1310fa000 GCTaskThread "GC Thread#3" [stack: 0x000000f181e00000,0x000000f181f00000] [id=13412]
  0x000002a130b39000 GCTaskThread "GC Thread#4" [stack: 0x000000f181f00000,0x000000f182000000] [id=13472]
  0x000002a130eea000 GCTaskThread "GC Thread#5" [stack: 0x000000f182b00000,0x000000f182c00000] [id=12904]
  0x000002a131de1800 GCTaskThread "GC Thread#6" [stack: 0x000000f182c00000,0x000000f182d00000] [id=13628]
  0x000002a131900000 GCTaskThread "GC Thread#7" [stack: 0x000000f182d00000,0x000000f182e00000] [id=13848]
  0x000002a113546000 ConcurrentGCThread "G1 Main Marker" [stack: 0x000000f180b00000,0x000000f180c00000] [id=4644]
  0x000002a113547000 ConcurrentGCThread "G1 Conc#0" [stack: 0x000000f180c00000,0x000000f180d00000] [id=11432]
  0x000002a13156a800 ConcurrentGCThread "G1 Conc#1" [stack: 0x000000f182e00000,0x000000f182f00000] [id=6788]
  0x000002a1135de800 ConcurrentGCThread "G1 Refine#0" [stack: 0x000000f180d00000,0x000000f180e00000] [id=13708]
  0x000002a12f7d2800 ConcurrentGCThread "G1 Young RemSet Sampling" [stack: 0x000000f180e00000,0x000000f180f00000] [id=13640]

Threads with active compile tasks:
C2 CompilerThread0   2046 2150   !   4       java.net.URLClassLoader$1::run (63 bytes)
C2 CompilerThread1   2046 2253   !   4       java.net.URL::<init> (543 bytes)

VM state:not at safepoint (normal execution)

VM Mutex/Monitor currently owned by a thread: None

Heap address: 0x0000000080000000, size: 2048 MB, Compressed Oops mode: 32-bit
Narrow klass base: 0x0000000000000000, Narrow klass shift: 3
Compressed class space size: 1073741824 Address: 0x0000000100000000

Heap:
 garbage-first heap   total 251904K, used 61410K [0x0000000080000000, 0x0000000100000000)
  region size 1024K, 45 young (46080K), 2 survivors (2048K)
 Metaspace       used 28106K, capacity 28842K, committed 29184K, reserved 1075200K
  class space    used 3744K, capacity 3998K, committed 4096K, reserved 1048576K
Heap Regions: E=young(eden), S=young(survivor), O=old, HS=humongous(starts), HC=humongous(continues), CS=collection set, F=free, A=archive, TAMS=top-at-mark-start (previous, next)
|   0|0x0000000080000000, 0x0000000080100000, 0x0000000080100000|100%| O|  |TAMS 0x0000000080000000, 0x0000000080000000| Untracked 
|   1|0x0000000080100000, 0x0000000080200000, 0x0000000080200000|100%| O|  |TAMS 0x0000000080100000, 0x0000000080100000| Untracked 
|   2|0x0000000080200000, 0x0000000080300000, 0x0000000080300000|100%| O|  |TAMS 0x0000000080200000, 0x0000000080200000| Untracked 
|   3|0x0000000080300000, 0x0000000080400000, 0x0000000080400000|100%|HS|  |TAMS 0x0000000080400000, 0x0000000080300000| Complete 
|   4|0x0000000080400000, 0x0000000080500000, 0x0000000080500000|100%|HC|  |TAMS 0x0000000080500000, 0x0000000080400000| Complete 
|   5|0x0000000080500000, 0x0000000080600000, 0x0000000080600000|100%|HC|  |TAMS 0x0000000080600000, 0x0000000080500000| Complete 
|   6|0x0000000080600000, 0x0000000080700000, 0x0000000080700000|100%| O|  |TAMS 0x0000000080700000, 0x0000000080600000| Untracked 
|   7|0x0000000080700000, 0x0000000080800000, 0x0000000080800000|100%| O|  |TAMS 0x0000000080800000, 0x0000000080700000| Untracked 
|   8|0x0000000080800000, 0x0000000080900000, 0x0000000080900000|100%| O|  |TAMS 0x00000000808d6800, 0x0000000080800000| Untracked 
|   9|0x0000000080900000, 0x0000000080a00000, 0x0000000080a00000|100%| O|  |TAMS 0x0000000080900000, 0x0000000080900000| Untracked 
|  10|0x0000000080a00000, 0x0000000080b00000, 0x0000000080b00000|100%| O|  |TAMS 0x0000000080a00000, 0x0000000080a00000| Untracked 
|  11|0x0000000080b00000, 0x0000000080c00000, 0x0000000080c00000|100%| O|  |TAMS 0x0000000080b00000, 0x0000000080b00000| Untracked 
|  12|0x0000000080c00000, 0x0000000080d00000, 0x0000000080d00000|100%| O|  |TAMS 0x0000000080c00000, 0x0000000080c00000| Untracked 
|  13|0x0000000080d00000, 0x0000000080e00000, 0x0000000080e00000|100%| O|  |TAMS 0x0000000080d00000, 0x0000000080d00000| Untracked 
|  14|0x0000000080e00000, 0x0000000080f00000, 0x0000000080f00000|100%| O|  |TAMS 0x0000000080e00000, 0x0000000080e00000| Untracked 
|  15|0x0000000080f00000, 0x0000000081000000, 0x0000000081000000|100%| O|  |TAMS 0x0000000080f00000, 0x0000000080f00000| Untracked 
|  16|0x0000000081000000, 0x0000000081070600, 0x0000000081100000| 43%| O|  |TAMS 0x0000000081000000, 0x0000000081000000| Untracked 
|  17|0x0000000081100000, 0x0000000081100000, 0x0000000081200000|  0%| F|  |TAMS 0x0000000081100000, 0x0000000081100000| Untracked 
|  18|0x0000000081200000, 0x0000000081200000, 0x0000000081300000|  0%| F|  |TAMS 0x0000000081200000, 0x0000000081200000| Untracked 
|  19|0x0000000081300000, 0x0000000081300000, 0x0000000081400000|  0%| F|  |TAMS 0x0000000081300000, 0x0000000081300000| Untracked 
|  20|0x0000000081400000, 0x0000000081400000, 0x0000000081500000|  0%| F|  |TAMS 0x0000000081400000, 0x0000000081400000| Untracked 
|  21|0x0000000081500000, 0x0000000081500000, 0x0000000081600000|  0%| F|  |TAMS 0x0000000081500000, 0x0000000081500000| Untracked 
|  22|0x0000000081600000, 0x0000000081600000, 0x0000000081700000|  0%| F|  |TAMS 0x0000000081600000, 0x0000000081600000| Untracked 
|  23|0x0000000081700000, 0x0000000081700000, 0x0000000081800000|  0%| F|  |TAMS 0x0000000081700000, 0x0000000081700000| Untracked 
|  24|0x0000000081800000, 0x0000000081800000, 0x0000000081900000|  0%| F|  |TAMS 0x0000000081800000, 0x0000000081800000| Untracked 
|  25|0x0000000081900000, 0x0000000081900000, 0x0000000081a00000|  0%| F|  |TAMS 0x0000000081900000, 0x0000000081900000| Untracked 
|  26|0x0000000081a00000, 0x0000000081a00000, 0x0000000081b00000|  0%| F|  |TAMS 0x0000000081a00000, 0x0000000081a00000| Untracked 
|  27|0x0000000081b00000, 0x0000000081b00000, 0x0000000081c00000|  0%| F|  |TAMS 0x0000000081b00000, 0x0000000081b00000| Untracked 
|  28|0x0000000081c00000, 0x0000000081c00000, 0x0000000081d00000|  0%| F|  |TAMS 0x0000000081c00000, 0x0000000081c00000| Untracked 
|  29|0x0000000081d00000, 0x0000000081d00000, 0x0000000081e00000|  0%| F|  |TAMS 0x0000000081d00000, 0x0000000081d00000| Untracked 
|  30|0x0000000081e00000, 0x0000000081e00000, 0x0000000081f00000|  0%| F|  |TAMS 0x0000000081e00000, 0x0000000081e00000| Untracked 
|  31|0x0000000081f00000, 0x0000000081f00000, 0x0000000082000000|  0%| F|  |TAMS 0x0000000081f00000, 0x0000000081f00000| Untracked 
|  32|0x0000000082000000, 0x0000000082000000, 0x0000000082100000|  0%| F|  |TAMS 0x0000000082000000, 0x0000000082000000| Untracked 
|  33|0x0000000082100000, 0x0000000082100000, 0x0000000082200000|  0%| F|  |TAMS 0x0000000082100000, 0x0000000082100000| Untracked 
|  34|0x0000000082200000, 0x0000000082200000, 0x0000000082300000|  0%| F|  |TAMS 0x0000000082200000, 0x0000000082200000| Untracked 
|  35|0x0000000082300000, 0x0000000082300000, 0x0000000082400000|  0%| F|  |TAMS 0x0000000082300000, 0x0000000082300000| Untracked 
|  36|0x0000000082400000, 0x0000000082400000, 0x0000000082500000|  0%| F|  |TAMS 0x0000000082400000, 0x0000000082400000| Untracked 
|  37|0x0000000082500000, 0x0000000082500000, 0x0000000082600000|  0%| F|  |TAMS 0x0000000082500000, 0x0000000082500000| Untracked 
|  38|0x0000000082600000, 0x0000000082600000, 0x0000000082700000|  0%| F|  |TAMS 0x0000000082600000, 0x0000000082600000| Untracked 
|  39|0x0000000082700000, 0x0000000082700000, 0x0000000082800000|  0%| F|  |TAMS 0x0000000082700000, 0x0000000082700000| Untracked 
|  40|0x0000000082800000, 0x0000000082800000, 0x0000000082900000|  0%| F|  |TAMS 0x0000000082800000, 0x0000000082800000| Untracked 
|  41|0x0000000082900000, 0x0000000082900000, 0x0000000082a00000|  0%| F|  |TAMS 0x0000000082900000, 0x0000000082900000| Untracked 
|  42|0x0000000082a00000, 0x0000000082a00000, 0x0000000082b00000|  0%| F|  |TAMS 0x0000000082a00000, 0x0000000082a00000| Untracked 
|  43|0x0000000082b00000, 0x0000000082b00000, 0x0000000082c00000|  0%| F|  |TAMS 0x0000000082b00000, 0x0000000082b00000| Untracked 
|  44|0x0000000082c00000, 0x0000000082c00000, 0x0000000082d00000|  0%| F|  |TAMS 0x0000000082c00000, 0x0000000082c00000| Untracked 
|  45|0x0000000082d00000, 0x0000000082d00000, 0x0000000082e00000|  0%| F|  |TAMS 0x0000000082d00000, 0x0000000082d00000| Untracked 
|  46|0x0000000082e00000, 0x0000000082e00000, 0x0000000082f00000|  0%| F|  |TAMS 0x0000000082e00000, 0x0000000082e00000| Untracked 
|  47|0x0000000082f00000, 0x0000000082f00000, 0x0000000083000000|  0%| F|  |TAMS 0x0000000082f00000, 0x0000000082f00000| Untracked 
|  48|0x0000000083000000, 0x0000000083000000, 0x0000000083100000|  0%| F|  |TAMS 0x0000000083000000, 0x0000000083000000| Untracked 
|  49|0x0000000083100000, 0x0000000083100000, 0x0000000083200000|  0%| F|  |TAMS 0x0000000083100000, 0x0000000083100000| Untracked 
|  50|0x0000000083200000, 0x0000000083200000, 0x0000000083300000|  0%| F|  |TAMS 0x0000000083200000, 0x0000000083200000| Untracked 
|  51|0x0000000083300000, 0x0000000083300000, 0x0000000083400000|  0%| F|  |TAMS 0x0000000083300000, 0x0000000083300000| Untracked 
|  52|0x0000000083400000, 0x0000000083400000, 0x0000000083500000|  0%| F|  |TAMS 0x0000000083400000, 0x0000000083400000| Untracked 
|  53|0x0000000083500000, 0x0000000083500000, 0x0000000083600000|  0%| F|  |TAMS 0x0000000083500000, 0x0000000083500000| Untracked 
|  54|0x0000000083600000, 0x0000000083600000, 0x0000000083700000|  0%| F|  |TAMS 0x0000000083600000, 0x0000000083600000| Untracked 
|  55|0x0000000083700000, 0x0000000083700000, 0x0000000083800000|  0%| F|  |TAMS 0x0000000083700000, 0x0000000083700000| Untracked 
|  56|0x0000000083800000, 0x0000000083800000, 0x0000000083900000|  0%| F|  |TAMS 0x0000000083800000, 0x0000000083800000| Untracked 
|  57|0x0000000083900000, 0x0000000083900000, 0x0000000083a00000|  0%| F|  |TAMS 0x0000000083900000, 0x0000000083900000| Untracked 
|  58|0x0000000083a00000, 0x0000000083a00000, 0x0000000083b00000|  0%| F|  |TAMS 0x0000000083a00000, 0x0000000083a00000| Untracked 
|  59|0x0000000083b00000, 0x0000000083b00000, 0x0000000083c00000|  0%| F|  |TAMS 0x0000000083b00000, 0x0000000083b00000| Untracked 
|  60|0x0000000083c00000, 0x0000000083c00000, 0x0000000083d00000|  0%| F|  |TAMS 0x0000000083c00000, 0x0000000083c00000| Untracked 
|  61|0x0000000083d00000, 0x0000000083d00000, 0x0000000083e00000|  0%| F|  |TAMS 0x0000000083d00000, 0x0000000083d00000| Untracked 
|  62|0x0000000083e00000, 0x0000000083e00000, 0x0000000083f00000|  0%| F|  |TAMS 0x0000000083e00000, 0x0000000083e00000| Untracked 
|  63|0x0000000083f00000, 0x0000000083f00000, 0x0000000084000000|  0%| F|  |TAMS 0x0000000083f00000, 0x0000000083f00000| Untracked 
|  64|0x0000000084000000, 0x0000000084000000, 0x0000000084100000|  0%| F|  |TAMS 0x0000000084000000, 0x0000000084000000| Untracked 
|  65|0x0000000084100000, 0x0000000084100000, 0x0000000084200000|  0%| F|  |TAMS 0x0000000084100000, 0x0000000084100000| Untracked 
|  66|0x0000000084200000, 0x0000000084200000, 0x0000000084300000|  0%| F|  |TAMS 0x0000000084200000, 0x0000000084200000| Untracked 
|  67|0x0000000084300000, 0x0000000084300000, 0x0000000084400000|  0%| F|  |TAMS 0x0000000084300000, 0x0000000084300000| Untracked 
|  68|0x0000000084400000, 0x0000000084400000, 0x0000000084500000|  0%| F|  |TAMS 0x0000000084400000, 0x0000000084400000| Untracked 
|  69|0x0000000084500000, 0x0000000084500000, 0x0000000084600000|  0%| F|  |TAMS 0x0000000084500000, 0x0000000084500000| Untracked 
|  70|0x0000000084600000, 0x0000000084600000, 0x0000000084700000|  0%| F|  |TAMS 0x0000000084600000, 0x0000000084600000| Untracked 
|  71|0x0000000084700000, 0x0000000084700000, 0x0000000084800000|  0%| F|  |TAMS 0x0000000084700000, 0x0000000084700000| Untracked 
|  72|0x0000000084800000, 0x0000000084800000, 0x0000000084900000|  0%| F|  |TAMS 0x0000000084800000, 0x0000000084800000| Untracked 
|  73|0x0000000084900000, 0x0000000084900000, 0x0000000084a00000|  0%| F|  |TAMS 0x0000000084900000, 0x0000000084900000| Untracked 
|  74|0x0000000084a00000, 0x0000000084a00000, 0x0000000084b00000|  0%| F|  |TAMS 0x0000000084a00000, 0x0000000084a00000| Untracked 
|  75|0x0000000084b00000, 0x0000000084b00000, 0x0000000084c00000|  0%| F|  |TAMS 0x0000000084b00000, 0x0000000084b00000| Untracked 
|  76|0x0000000084c00000, 0x0000000084c00000, 0x0000000084d00000|  0%| F|  |TAMS 0x0000000084c00000, 0x0000000084c00000| Untracked 
|  77|0x0000000084d00000, 0x0000000084d00000, 0x0000000084e00000|  0%| F|  |TAMS 0x0000000084d00000, 0x0000000084d00000| Untracked 
|  78|0x0000000084e00000, 0x0000000084e00000, 0x0000000084f00000|  0%| F|  |TAMS 0x0000000084e00000, 0x0000000084e00000| Untracked 
|  79|0x0000000084f00000, 0x0000000084f00000, 0x0000000085000000|  0%| F|  |TAMS 0x0000000084f00000, 0x0000000084f00000| Untracked 
|  80|0x0000000085000000, 0x0000000085000000, 0x0000000085100000|  0%| F|  |TAMS 0x0000000085000000, 0x0000000085000000| Untracked 
|  81|0x0000000085100000, 0x0000000085100000, 0x0000000085200000|  0%| F|  |TAMS 0x0000000085100000, 0x0000000085100000| Untracked 
|  82|0x0000000085200000, 0x0000000085200000, 0x0000000085300000|  0%| F|  |TAMS 0x0000000085200000, 0x0000000085200000| Untracked 
|  83|0x0000000085300000, 0x0000000085300000, 0x0000000085400000|  0%| F|  |TAMS 0x0000000085300000, 0x0000000085300000| Untracked 
|  84|0x0000000085400000, 0x0000000085400000, 0x0000000085500000|  0%| F|  |TAMS 0x0000000085400000, 0x0000000085400000| Untracked 
|  85|0x0000000085500000, 0x0000000085500000, 0x0000000085600000|  0%| F|  |TAMS 0x0000000085500000, 0x0000000085500000| Untracked 
|  86|0x0000000085600000, 0x0000000085600000, 0x0000000085700000|  0%| F|  |TAMS 0x0000000085600000, 0x0000000085600000| Untracked 
|  87|0x0000000085700000, 0x0000000085700000, 0x0000000085800000|  0%| F|  |TAMS 0x0000000085700000, 0x0000000085700000| Untracked 
|  88|0x0000000085800000, 0x0000000085800000, 0x0000000085900000|  0%| F|  |TAMS 0x0000000085800000, 0x0000000085800000| Untracked 
|  89|0x0000000085900000, 0x0000000085900000, 0x0000000085a00000|  0%| F|  |TAMS 0x0000000085900000, 0x0000000085900000| Untracked 
|  90|0x0000000085a00000, 0x0000000085a00000, 0x0000000085b00000|  0%| F|  |TAMS 0x0000000085a00000, 0x0000000085a00000| Untracked 
|  91|0x0000000085b00000, 0x0000000085b00000, 0x0000000085c00000|  0%| F|  |TAMS 0x0000000085b00000, 0x0000000085b00000| Untracked 
|  92|0x0000000085c00000, 0x0000000085c00000, 0x0000000085d00000|  0%| F|  |TAMS 0x0000000085c00000, 0x0000000085c00000| Untracked 
|  93|0x0000000085d00000, 0x0000000085d00000, 0x0000000085e00000|  0%| F|  |TAMS 0x0000000085d00000, 0x0000000085d00000| Untracked 
|  94|0x0000000085e00000, 0x0000000085e00000, 0x0000000085f00000|  0%| F|  |TAMS 0x0000000085e00000, 0x0000000085e00000| Untracked 
|  95|0x0000000085f00000, 0x0000000085f00000, 0x0000000086000000|  0%| F|  |TAMS 0x0000000085f00000, 0x0000000085f00000| Untracked 
|  96|0x0000000086000000, 0x0000000086000000, 0x0000000086100000|  0%| F|  |TAMS 0x0000000086000000, 0x0000000086000000| Untracked 
|  97|0x0000000086100000, 0x0000000086100000, 0x0000000086200000|  0%| F|  |TAMS 0x0000000086100000, 0x0000000086100000| Untracked 
|  98|0x0000000086200000, 0x0000000086200000, 0x0000000086300000|  0%| F|  |TAMS 0x0000000086200000, 0x0000000086200000| Untracked 
|  99|0x0000000086300000, 0x0000000086300000, 0x0000000086400000|  0%| F|  |TAMS 0x0000000086300000, 0x0000000086300000| Untracked 
| 100|0x0000000086400000, 0x0000000086400000, 0x0000000086500000|  0%| F|  |TAMS 0x0000000086400000, 0x0000000086400000| Untracked 
| 101|0x0000000086500000, 0x0000000086500000, 0x0000000086600000|  0%| F|  |TAMS 0x0000000086500000, 0x0000000086500000| Untracked 
| 102|0x0000000086600000, 0x0000000086600000, 0x0000000086700000|  0%| F|  |TAMS 0x0000000086600000, 0x0000000086600000| Untracked 
| 103|0x0000000086700000, 0x0000000086700000, 0x0000000086800000|  0%| F|  |TAMS 0x0000000086700000, 0x0000000086700000| Untracked 
| 104|0x0000000086800000, 0x0000000086800000, 0x0000000086900000|  0%| F|  |TAMS 0x0000000086800000, 0x0000000086800000| Untracked 
| 105|0x0000000086900000, 0x0000000086900000, 0x0000000086a00000|  0%| F|  |TAMS 0x0000000086900000, 0x0000000086900000| Untracked 
| 106|0x0000000086a00000, 0x0000000086a00000, 0x0000000086b00000|  0%| F|  |TAMS 0x0000000086a00000, 0x0000000086a00000| Untracked 
| 107|0x0000000086b00000, 0x0000000086b00000, 0x0000000086c00000|  0%| F|  |TAMS 0x0000000086b00000, 0x0000000086b00000| Untracked 
| 108|0x0000000086c00000, 0x0000000086c00000, 0x0000000086d00000|  0%| F|  |TAMS 0x0000000086c00000, 0x0000000086c00000| Untracked 
| 109|0x0000000086d00000, 0x0000000086d00000, 0x0000000086e00000|  0%| F|  |TAMS 0x0000000086d00000, 0x0000000086d00000| Untracked 
| 110|0x0000000086e00000, 0x0000000086e00000, 0x0000000086f00000|  0%| F|  |TAMS 0x0000000086e00000, 0x0000000086e00000| Untracked 
| 111|0x0000000086f00000, 0x0000000086f00000, 0x0000000087000000|  0%| F|  |TAMS 0x0000000086f00000, 0x0000000086f00000| Untracked 
| 112|0x0000000087000000, 0x0000000087000000, 0x0000000087100000|  0%| F|  |TAMS 0x0000000087000000, 0x0000000087000000| Untracked 
| 113|0x0000000087100000, 0x0000000087100000, 0x0000000087200000|  0%| F|  |TAMS 0x0000000087100000, 0x0000000087100000| Untracked 
| 114|0x0000000087200000, 0x0000000087200000, 0x0000000087300000|  0%| F|  |TAMS 0x0000000087200000, 0x0000000087200000| Untracked 
| 115|0x0000000087300000, 0x0000000087300000, 0x0000000087400000|  0%| F|  |TAMS 0x0000000087300000, 0x0000000087300000| Untracked 
| 116|0x0000000087400000, 0x0000000087400000, 0x0000000087500000|  0%| F|  |TAMS 0x0000000087400000, 0x0000000087400000| Untracked 
| 117|0x0000000087500000, 0x0000000087500000, 0x0000000087600000|  0%| F|  |TAMS 0x0000000087500000, 0x0000000087500000| Untracked 
| 118|0x0000000087600000, 0x0000000087600000, 0x0000000087700000|  0%| F|  |TAMS 0x0000000087600000, 0x0000000087600000| Untracked 
| 119|0x0000000087700000, 0x0000000087700000, 0x0000000087800000|  0%| F|  |TAMS 0x0000000087700000, 0x0000000087700000| Untracked 
| 120|0x0000000087800000, 0x0000000087800000, 0x0000000087900000|  0%| F|  |TAMS 0x0000000087800000, 0x0000000087800000| Untracked 
| 121|0x0000000087900000, 0x0000000087900000, 0x0000000087a00000|  0%| F|  |TAMS 0x0000000087900000, 0x0000000087900000| Untracked 
| 122|0x0000000087a00000, 0x0000000087a00000, 0x0000000087b00000|  0%| F|  |TAMS 0x0000000087a00000, 0x0000000087a00000| Untracked 
| 123|0x0000000087b00000, 0x0000000087b00000, 0x0000000087c00000|  0%| F|  |TAMS 0x0000000087b00000, 0x0000000087b00000| Untracked 
| 124|0x0000000087c00000, 0x0000000087c00000, 0x0000000087d00000|  0%| F|  |TAMS 0x0000000087c00000, 0x0000000087c00000| Untracked 
| 125|0x0000000087d00000, 0x0000000087d00000, 0x0000000087e00000|  0%| F|  |TAMS 0x0000000087d00000, 0x0000000087d00000| Untracked 
| 126|0x0000000087e00000, 0x0000000087e00000, 0x0000000087f00000|  0%| F|  |TAMS 0x0000000087e00000, 0x0000000087e00000| Untracked 
| 127|0x0000000087f00000, 0x0000000087f00000, 0x0000000088000000|  0%| F|  |TAMS 0x0000000087f00000, 0x0000000087f00000| Untracked 
| 128|0x0000000088000000, 0x0000000088000000, 0x0000000088100000|  0%| F|  |TAMS 0x0000000088000000, 0x0000000088000000| Untracked 
| 129|0x0000000088100000, 0x0000000088100000, 0x0000000088200000|  0%| F|  |TAMS 0x0000000088100000, 0x0000000088100000| Untracked 
| 130|0x0000000088200000, 0x0000000088200000, 0x0000000088300000|  0%| F|  |TAMS 0x0000000088200000, 0x0000000088200000| Untracked 
| 131|0x0000000088300000, 0x0000000088300000, 0x0000000088400000|  0%| F|  |TAMS 0x0000000088300000, 0x0000000088300000| Untracked 
| 132|0x0000000088400000, 0x0000000088400000, 0x0000000088500000|  0%| F|  |TAMS 0x0000000088400000, 0x0000000088400000| Untracked 
| 133|0x0000000088500000, 0x0000000088500000, 0x0000000088600000|  0%| F|  |TAMS 0x0000000088500000, 0x0000000088500000| Untracked 
| 134|0x0000000088600000, 0x0000000088600000, 0x0000000088700000|  0%| F|  |TAMS 0x0000000088600000, 0x0000000088600000| Untracked 
| 135|0x0000000088700000, 0x0000000088700000, 0x0000000088800000|  0%| F|  |TAMS 0x0000000088700000, 0x0000000088700000| Untracked 
| 136|0x0000000088800000, 0x0000000088800000, 0x0000000088900000|  0%| F|  |TAMS 0x0000000088800000, 0x0000000088800000| Untracked 
| 137|0x0000000088900000, 0x0000000088900000, 0x0000000088a00000|  0%| F|  |TAMS 0x0000000088900000, 0x0000000088900000| Untracked 
| 138|0x0000000088a00000, 0x0000000088a00000, 0x0000000088b00000|  0%| F|  |TAMS 0x0000000088a00000, 0x0000000088a00000| Untracked 
| 139|0x0000000088b00000, 0x0000000088b00000, 0x0000000088c00000|  0%| F|  |TAMS 0x0000000088b00000, 0x0000000088b00000| Untracked 
| 140|0x0000000088c00000, 0x0000000088c00000, 0x0000000088d00000|  0%| F|  |TAMS 0x0000000088c00000, 0x0000000088c00000| Untracked 
| 141|0x0000000088d00000, 0x0000000088d00000, 0x0000000088e00000|  0%| F|  |TAMS 0x0000000088d00000, 0x0000000088d00000| Untracked 
| 142|0x0000000088e00000, 0x0000000088e00000, 0x0000000088f00000|  0%| F|  |TAMS 0x0000000088e00000, 0x0000000088e00000| Untracked 
| 143|0x0000000088f00000, 0x0000000088f00000, 0x0000000089000000|  0%| F|  |TAMS 0x0000000088f00000, 0x0000000088f00000| Untracked 
| 144|0x0000000089000000, 0x0000000089000000, 0x0000000089100000|  0%| F|  |TAMS 0x0000000089000000, 0x0000000089000000| Untracked 
| 145|0x0000000089100000, 0x0000000089100000, 0x0000000089200000|  0%| F|  |TAMS 0x0000000089100000, 0x0000000089100000| Untracked 
| 146|0x0000000089200000, 0x0000000089200000, 0x0000000089300000|  0%| F|  |TAMS 0x0000000089200000, 0x0000000089200000| Untracked 
| 147|0x0000000089300000, 0x0000000089300000, 0x0000000089400000|  0%| F|  |TAMS 0x0000000089300000, 0x0000000089300000| Untracked 
| 148|0x0000000089400000, 0x0000000089400000, 0x0000000089500000|  0%| F|  |TAMS 0x0000000089400000, 0x0000000089400000| Untracked 
| 149|0x0000000089500000, 0x0000000089500000, 0x0000000089600000|  0%| F|  |TAMS 0x0000000089500000, 0x0000000089500000| Untracked 
| 150|0x0000000089600000, 0x0000000089600000, 0x0000000089700000|  0%| F|  |TAMS 0x0000000089600000, 0x0000000089600000| Untracked 
| 151|0x0000000089700000, 0x0000000089700000, 0x0000000089800000|  0%| F|  |TAMS 0x0000000089700000, 0x0000000089700000| Untracked 
| 152|0x0000000089800000, 0x0000000089800000, 0x0000000089900000|  0%| F|  |TAMS 0x0000000089800000, 0x0000000089800000| Untracked 
| 153|0x0000000089900000, 0x0000000089900000, 0x0000000089a00000|  0%| F|  |TAMS 0x0000000089900000, 0x0000000089900000| Untracked 
| 154|0x0000000089a00000, 0x0000000089a00000, 0x0000000089b00000|  0%| F|  |TAMS 0x0000000089a00000, 0x0000000089a00000| Untracked 
| 155|0x0000000089b00000, 0x0000000089b00000, 0x0000000089c00000|  0%| F|  |TAMS 0x0000000089b00000, 0x0000000089b00000| Untracked 
| 156|0x0000000089c00000, 0x0000000089c00000, 0x0000000089d00000|  0%| F|  |TAMS 0x0000000089c00000, 0x0000000089c00000| Untracked 
| 157|0x0000000089d00000, 0x0000000089d00000, 0x0000000089e00000|  0%| F|  |TAMS 0x0000000089d00000, 0x0000000089d00000| Untracked 
| 158|0x0000000089e00000, 0x0000000089e00000, 0x0000000089f00000|  0%| F|  |TAMS 0x0000000089e00000, 0x0000000089e00000| Untracked 
| 159|0x0000000089f00000, 0x0000000089f00000, 0x000000008a000000|  0%| F|  |TAMS 0x0000000089f00000, 0x0000000089f00000| Untracked 
| 160|0x000000008a000000, 0x000000008a000000, 0x000000008a100000|  0%| F|  |TAMS 0x000000008a000000, 0x000000008a000000| Untracked 
| 161|0x000000008a100000, 0x000000008a100000, 0x000000008a200000|  0%| F|  |TAMS 0x000000008a100000, 0x000000008a100000| Untracked 
| 162|0x000000008a200000, 0x000000008a200000, 0x000000008a300000|  0%| F|  |TAMS 0x000000008a200000, 0x000000008a200000| Untracked 
| 163|0x000000008a300000, 0x000000008a300000, 0x000000008a400000|  0%| F|  |TAMS 0x000000008a300000, 0x000000008a300000| Untracked 
| 164|0x000000008a400000, 0x000000008a400000, 0x000000008a500000|  0%| F|  |TAMS 0x000000008a400000, 0x000000008a400000| Untracked 
| 165|0x000000008a500000, 0x000000008a500000, 0x000000008a600000|  0%| F|  |TAMS 0x000000008a500000, 0x000000008a500000| Untracked 
| 166|0x000000008a600000, 0x000000008a600000, 0x000000008a700000|  0%| F|  |TAMS 0x000000008a600000, 0x000000008a600000| Untracked 
| 167|0x000000008a700000, 0x000000008a700000, 0x000000008a800000|  0%| F|  |TAMS 0x000000008a700000, 0x000000008a700000| Untracked 
| 168|0x000000008a800000, 0x000000008a800000, 0x000000008a900000|  0%| F|  |TAMS 0x000000008a800000, 0x000000008a800000| Untracked 
| 169|0x000000008a900000, 0x000000008a900000, 0x000000008aa00000|  0%| F|  |TAMS 0x000000008a900000, 0x000000008a900000| Untracked 
| 170|0x000000008aa00000, 0x000000008aa00000, 0x000000008ab00000|  0%| F|  |TAMS 0x000000008aa00000, 0x000000008aa00000| Untracked 
| 171|0x000000008ab00000, 0x000000008ab00000, 0x000000008ac00000|  0%| F|  |TAMS 0x000000008ab00000, 0x000000008ab00000| Untracked 
| 172|0x000000008ac00000, 0x000000008ac00000, 0x000000008ad00000|  0%| F|  |TAMS 0x000000008ac00000, 0x000000008ac00000| Untracked 
| 173|0x000000008ad00000, 0x000000008ad00000, 0x000000008ae00000|  0%| F|  |TAMS 0x000000008ad00000, 0x000000008ad00000| Untracked 
| 174|0x000000008ae00000, 0x000000008ae00000, 0x000000008af00000|  0%| F|  |TAMS 0x000000008ae00000, 0x000000008ae00000| Untracked 
| 175|0x000000008af00000, 0x000000008af00000, 0x000000008b000000|  0%| F|  |TAMS 0x000000008af00000, 0x000000008af00000| Untracked 
| 176|0x000000008b000000, 0x000000008b000000, 0x000000008b100000|  0%| F|  |TAMS 0x000000008b000000, 0x000000008b000000| Untracked 
| 177|0x000000008b100000, 0x000000008b100000, 0x000000008b200000|  0%| F|  |TAMS 0x000000008b100000, 0x000000008b100000| Untracked 
| 178|0x000000008b200000, 0x000000008b200000, 0x000000008b300000|  0%| F|  |TAMS 0x000000008b200000, 0x000000008b200000| Untracked 
| 179|0x000000008b300000, 0x000000008b300000, 0x000000008b400000|  0%| F|  |TAMS 0x000000008b300000, 0x000000008b300000| Untracked 
| 180|0x000000008b400000, 0x000000008b400000, 0x000000008b500000|  0%| F|  |TAMS 0x000000008b400000, 0x000000008b400000| Untracked 
| 181|0x000000008b500000, 0x000000008b500000, 0x000000008b600000|  0%| F|  |TAMS 0x000000008b500000, 0x000000008b500000| Untracked 
| 182|0x000000008b600000, 0x000000008b600000, 0x000000008b700000|  0%| F|  |TAMS 0x000000008b600000, 0x000000008b600000| Untracked 
| 183|0x000000008b700000, 0x000000008b700000, 0x000000008b800000|  0%| F|  |TAMS 0x000000008b700000, 0x000000008b700000| Untracked 
| 184|0x000000008b800000, 0x000000008b800000, 0x000000008b900000|  0%| F|  |TAMS 0x000000008b800000, 0x000000008b800000| Untracked 
| 185|0x000000008b900000, 0x000000008b900000, 0x000000008ba00000|  0%| F|  |TAMS 0x000000008b900000, 0x000000008b900000| Untracked 
| 186|0x000000008ba00000, 0x000000008ba00000, 0x000000008bb00000|  0%| F|  |TAMS 0x000000008ba00000, 0x000000008ba00000| Untracked 
| 187|0x000000008bb00000, 0x000000008bb00000, 0x000000008bc00000|  0%| F|  |TAMS 0x000000008bb00000, 0x000000008bb00000| Untracked 
| 188|0x000000008bc00000, 0x000000008bc00000, 0x000000008bd00000|  0%| F|  |TAMS 0x000000008bc00000, 0x000000008bc00000| Untracked 
| 189|0x000000008bd00000, 0x000000008bd00000, 0x000000008be00000|  0%| F|  |TAMS 0x000000008bd00000, 0x000000008bd00000| Untracked 
| 190|0x000000008be00000, 0x000000008be00000, 0x000000008bf00000|  0%| F|  |TAMS 0x000000008be00000, 0x000000008be00000| Untracked 
| 191|0x000000008bf00000, 0x000000008bf00000, 0x000000008c000000|  0%| F|  |TAMS 0x000000008bf00000, 0x000000008bf00000| Untracked 
| 192|0x000000008c000000, 0x000000008c000000, 0x000000008c100000|  0%| F|  |TAMS 0x000000008c000000, 0x000000008c000000| Untracked 
| 193|0x000000008c100000, 0x000000008c100000, 0x000000008c200000|  0%| F|  |TAMS 0x000000008c100000, 0x000000008c100000| Untracked 
| 194|0x000000008c200000, 0x000000008c200000, 0x000000008c300000|  0%| F|  |TAMS 0x000000008c200000, 0x000000008c200000| Untracked 
| 195|0x000000008c300000, 0x000000008c300000, 0x000000008c400000|  0%| F|  |TAMS 0x000000008c300000, 0x000000008c300000| Untracked 
| 196|0x000000008c400000, 0x000000008c400000, 0x000000008c500000|  0%| F|  |TAMS 0x000000008c400000, 0x000000008c400000| Untracked 
| 197|0x000000008c500000, 0x000000008c500000, 0x000000008c600000|  0%| F|  |TAMS 0x000000008c500000, 0x000000008c500000| Untracked 
| 198|0x000000008c600000, 0x000000008c600000, 0x000000008c700000|  0%| F|  |TAMS 0x000000008c600000, 0x000000008c600000| Untracked 
| 199|0x000000008c700000, 0x000000008c700000, 0x000000008c800000|  0%| F|  |TAMS 0x000000008c700000, 0x000000008c700000| Untracked 
| 200|0x000000008c800000, 0x000000008c800000, 0x000000008c900000|  0%| F|  |TAMS 0x000000008c800000, 0x000000008c800000| Untracked 
| 201|0x000000008c900000, 0x000000008ca00000, 0x000000008ca00000|100%| E|  |TAMS 0x000000008c900000, 0x000000008c900000| Complete 
| 202|0x000000008ca00000, 0x000000008cb00000, 0x000000008cb00000|100%| E|CS|TAMS 0x000000008ca00000, 0x000000008ca00000| Complete 
| 203|0x000000008cb00000, 0x000000008cc00000, 0x000000008cc00000|100%| E|CS|TAMS 0x000000008cb00000, 0x000000008cb00000| Complete 
| 204|0x000000008cc00000, 0x000000008cd00000, 0x000000008cd00000|100%| E|CS|TAMS 0x000000008cc00000, 0x000000008cc00000| Complete 
| 205|0x000000008cd00000, 0x000000008ce00000, 0x000000008ce00000|100%| E|CS|TAMS 0x000000008cd00000, 0x000000008cd00000| Complete 
| 206|0x000000008ce00000, 0x000000008cf00000, 0x000000008cf00000|100%| E|CS|TAMS 0x000000008ce00000, 0x000000008ce00000| Complete 
| 207|0x000000008cf00000, 0x000000008d000000, 0x000000008d000000|100%| E|CS|TAMS 0x000000008cf00000, 0x000000008cf00000| Complete 
| 208|0x000000008d000000, 0x000000008d100000, 0x000000008d100000|100%| E|CS|TAMS 0x000000008d000000, 0x000000008d000000| Complete 
| 209|0x000000008d100000, 0x000000008d188428, 0x000000008d200000| 53%| S|CS|TAMS 0x000000008d100000, 0x000000008d100000| Complete 
| 210|0x000000008d200000, 0x000000008d300000, 0x000000008d300000|100%| S|CS|TAMS 0x000000008d200000, 0x000000008d200000| Complete 
| 211|0x000000008d300000, 0x000000008d400000, 0x000000008d400000|100%| E|CS|TAMS 0x000000008d300000, 0x000000008d300000| Complete 
| 212|0x000000008d400000, 0x000000008d500000, 0x000000008d500000|100%| E|CS|TAMS 0x000000008d400000, 0x000000008d400000| Complete 
| 213|0x000000008d500000, 0x000000008d600000, 0x000000008d600000|100%| E|CS|TAMS 0x000000008d500000, 0x000000008d500000| Complete 
| 214|0x000000008d600000, 0x000000008d700000, 0x000000008d700000|100%| E|CS|TAMS 0x000000008d600000, 0x000000008d600000| Complete 
| 215|0x000000008d700000, 0x000000008d800000, 0x000000008d800000|100%| E|CS|TAMS 0x000000008d700000, 0x000000008d700000| Complete 
| 216|0x000000008d800000, 0x000000008d900000, 0x000000008d900000|100%| E|CS|TAMS 0x000000008d800000, 0x000000008d800000| Complete 
| 217|0x000000008d900000, 0x000000008da00000, 0x000000008da00000|100%| E|CS|TAMS 0x000000008d900000, 0x000000008d900000| Complete 
| 218|0x000000008da00000, 0x000000008db00000, 0x000000008db00000|100%| E|CS|TAMS 0x000000008da00000, 0x000000008da00000| Complete 
| 219|0x000000008db00000, 0x000000008dc00000, 0x000000008dc00000|100%| E|CS|TAMS 0x000000008db00000, 0x000000008db00000| Complete 
| 220|0x000000008dc00000, 0x000000008dd00000, 0x000000008dd00000|100%| E|CS|TAMS 0x000000008dc00000, 0x000000008dc00000| Complete 
| 221|0x000000008dd00000, 0x000000008de00000, 0x000000008de00000|100%| E|CS|TAMS 0x000000008dd00000, 0x000000008dd00000| Complete 
| 222|0x000000008de00000, 0x000000008df00000, 0x000000008df00000|100%| E|CS|TAMS 0x000000008de00000, 0x000000008de00000| Complete 
| 223|0x000000008df00000, 0x000000008e000000, 0x000000008e000000|100%| E|CS|TAMS 0x000000008df00000, 0x000000008df00000| Complete 
| 224|0x000000008e000000, 0x000000008e100000, 0x000000008e100000|100%| E|CS|TAMS 0x000000008e000000, 0x000000008e000000| Complete 
| 225|0x000000008e100000, 0x000000008e200000, 0x000000008e200000|100%| E|CS|TAMS 0x000000008e100000, 0x000000008e100000| Complete 
| 226|0x000000008e200000, 0x000000008e300000, 0x000000008e300000|100%| E|CS|TAMS 0x000000008e200000, 0x000000008e200000| Complete 
| 227|0x000000008e300000, 0x000000008e400000, 0x000000008e400000|100%| E|CS|TAMS 0x000000008e300000, 0x000000008e300000| Complete 
| 228|0x000000008e400000, 0x000000008e500000, 0x000000008e500000|100%| E|CS|TAMS 0x000000008e400000, 0x000000008e400000| Complete 
| 229|0x000000008e500000, 0x000000008e600000, 0x000000008e600000|100%| E|CS|TAMS 0x000000008e500000, 0x000000008e500000| Complete 
| 230|0x000000008e600000, 0x000000008e700000, 0x000000008e700000|100%| E|CS|TAMS 0x000000008e600000, 0x000000008e600000| Complete 
| 231|0x000000008e700000, 0x000000008e800000, 0x000000008e800000|100%| E|CS|TAMS 0x000000008e700000, 0x000000008e700000| Complete 
| 232|0x000000008e800000, 0x000000008e900000, 0x000000008e900000|100%| E|CS|TAMS 0x000000008e800000, 0x000000008e800000| Complete 
| 233|0x000000008e900000, 0x000000008ea00000, 0x000000008ea00000|100%| E|CS|TAMS 0x000000008e900000, 0x000000008e900000| Complete 
| 234|0x000000008ea00000, 0x000000008eb00000, 0x000000008eb00000|100%| E|CS|TAMS 0x000000008ea00000, 0x000000008ea00000| Complete 
| 235|0x000000008eb00000, 0x000000008ec00000, 0x000000008ec00000|100%| E|CS|TAMS 0x000000008eb00000, 0x000000008eb00000| Complete 
| 236|0x000000008ec00000, 0x000000008ed00000, 0x000000008ed00000|100%| E|CS|TAMS 0x000000008ec00000, 0x000000008ec00000| Complete 
| 237|0x000000008ed00000, 0x000000008ee00000, 0x000000008ee00000|100%| E|CS|TAMS 0x000000008ed00000, 0x000000008ed00000| Complete 
| 238|0x000000008ee00000, 0x000000008ef00000, 0x000000008ef00000|100%| E|CS|TAMS 0x000000008ee00000, 0x000000008ee00000| Complete 
| 239|0x000000008ef00000, 0x000000008f000000, 0x000000008f000000|100%| E|CS|TAMS 0x000000008ef00000, 0x000000008ef00000| Complete 
| 240|0x000000008f000000, 0x000000008f100000, 0x000000008f100000|100%| E|CS|TAMS 0x000000008f000000, 0x000000008f000000| Complete 
| 241|0x000000008f100000, 0x000000008f200000, 0x000000008f200000|100%| E|CS|TAMS 0x000000008f100000, 0x000000008f100000| Complete 
| 242|0x000000008f200000, 0x000000008f300000, 0x000000008f300000|100%| E|CS|TAMS 0x000000008f200000, 0x000000008f200000| Complete 
| 243|0x000000008f300000, 0x000000008f400000, 0x000000008f400000|100%| E|CS|TAMS 0x000000008f300000, 0x000000008f300000| Complete 
| 244|0x000000008f400000, 0x000000008f500000, 0x000000008f500000|100%| E|CS|TAMS 0x000000008f400000, 0x000000008f400000| Complete 
| 245|0x000000008f500000, 0x000000008f600000, 0x000000008f600000|100%| E|CS|TAMS 0x000000008f500000, 0x000000008f500000| Complete 

Card table byte_map: [0x000002a128650000,0x000002a128a50000] _byte_map_base: 0x000002a128250000

Marking Bits (Prev, Next): (CMBitMap*) 0x000002a11353cf90, (CMBitMap*) 0x000002a11353cf58
 Prev Bits: [0x000002a12ae50000, 0x000002a12ce50000)
 Next Bits: [0x000002a128e50000, 0x000002a12ae50000)

Polling page: 0x000002a1135e0000

Metaspace:

Usage:
  Non-class:     24.26 MB capacity,    23.83 MB ( 98%) used,   382.73 KB (  2%) free+waste,    57.06 KB ( <1%) overhead. 
      Class:      3.90 MB capacity,     3.66 MB ( 94%) used,   216.59 KB (  5%) free+waste,    28.88 KB ( <1%) overhead. 
       Both:     28.17 MB capacity,    27.50 MB ( 98%) used,   599.33 KB (  2%) free+waste,    85.94 KB ( <1%) overhead. 

Virtual space:
  Non-class space:       26.00 MB reserved,      24.50 MB ( 94%) committed 
      Class space:        1.00 GB reserved,       4.00 MB ( <1%) committed 
             Both:        1.03 GB reserved,      28.50 MB (  3%) committed 

Chunk freelists:
   Non-Class:  52.00 KB
       Class:  2.00 KB
        Both:  54.00 KB

MaxMetaspaceSize: 17179869184.00 GB
CompressedClassSpaceSize: 1.00 GB
Initial GC threshold: 20.80 MB
Current GC threshold: 35.00 MB
CDS: off

CodeHeap 'non-profiled nmethods': size=120000Kb used=1269Kb max_used=1269Kb free=118730Kb
 bounds [0x000002a1202b0000, 0x000002a120520000, 0x000002a1277e0000]
CodeHeap 'profiled nmethods': size=120000Kb used=5091Kb max_used=5091Kb free=114908Kb
 bounds [0x000002a118d80000, 0x000002a119280000, 0x000002a1202b0000]
CodeHeap 'non-nmethods': size=5760Kb used=1233Kb max_used=1275Kb free=4527Kb
 bounds [0x000002a1187e0000, 0x000002a118a50000, 0x000002a118d80000]
 total_blobs=2888 nmethods=2385 adapters=415
 compilation: enabled
              stopped_count=0, restarted_count=0
 full_count=0

Compilation events (20 events):
Event: 2.021 Thread 0x000002a1301f9800 2354       3       org.objectweb.asm.MethodWriter::visitFieldInsn (258 bytes)
Event: 2.022 Thread 0x000002a1301f9800 nmethod 2354 0x000002a119260390 code [0x000002a119260600, 0x000002a119261208]
Event: 2.022 Thread 0x000002a1301f9800 2355       3       org.objectweb.asm.SymbolTable::addConstantFieldref (10 bytes)
Event: 2.022 Thread 0x000002a1301f9800 nmethod 2355 0x000002a119261610 code [0x000002a1192617c0, 0x000002a119261908]
Event: 2.022 Thread 0x000002a1301f9800 2356       3       org.objectweb.asm.Attribute::putAttributes (78 bytes)
Event: 2.022 Thread 0x000002a133ee1800 nmethod 2351 0x000002a1203eb610 code [0x000002a1203eb7a0, 0x000002a1203eb898]
Event: 2.022 Thread 0x000002a1301f9800 nmethod 2356 0x000002a119261a10 code [0x000002a119261c80, 0x000002a119262198]
Event: 2.028 Thread 0x000002a133ee1800 2357       4       java.lang.reflect.Modifier::isStatic (13 bytes)
Event: 2.028 Thread 0x000002a1301f9800 2358       3       org.gradle.internal.instantiation.generator.AbstractClassGenerator$PropertyMetadata::getType (34 bytes)
Event: 2.028 Thread 0x000002a133ee1800 nmethod 2357 0x000002a1203eb990 code [0x000002a1203ebb20, 0x000002a1203ebb78]
Event: 2.028 Thread 0x000002a133ee1800 2359       4       java.util.regex.Pattern$BmpCharProperty::match (55 bytes)
Event: 2.029 Thread 0x000002a1301f9800 nmethod 2358 0x000002a119262490 code [0x000002a1192626a0, 0x000002a119262c78]
Event: 2.029 Thread 0x000002a1301f9800 2361       3       org.objectweb.asm.MethodWriter::computeAllFrames (510 bytes)
Event: 2.030 Thread 0x000002a1301f9800 nmethod 2361 0x000002a119262e90 code [0x000002a1192631e0, 0x000002a119264648]
Event: 2.030 Thread 0x000002a1301f9800 2360       3       org.objectweb.asm.MethodWriter::visitInsn (115 bytes)
Event: 2.030 Thread 0x000002a1301f9800 nmethod 2360 0x000002a119265110 code [0x000002a119265300, 0x000002a119265788]
Event: 2.030 Thread 0x000002a1301f9800 2362       3       org.objectweb.asm.Type::getDescriptor (93 bytes)
Event: 2.031 Thread 0x000002a1301f9800 nmethod 2362 0x000002a119265910 code [0x000002a119265ba0, 0x000002a119266508]
Event: 2.031 Thread 0x000002a133ee1800 nmethod 2359 0x000002a1203ebc90 code [0x000002a1203ebe40, 0x000002a1203ec068]
Event: 2.031 Thread 0x000002a133ee1800 2363       4       jdk.internal.org.objectweb.asm.ClassReader::readUnsignedShort (26 bytes)

GC Heap History (6 events):
Event: 0.446 GC heap before
{Heap before GC invocations=0 (full 0):
 garbage-first heap   total 251904K, used 29696K [0x0000000080000000, 0x0000000100000000)
  region size 1024K, 24 young (24576K), 0 survivors (0K)
 Metaspace       used 10209K, capacity 10437K, committed 10624K, reserved 1058816K
  class space    used 1064K, capacity 1139K, committed 1152K, reserved 1048576K
}
Event: 0.450 GC heap after
{Heap after GC invocations=1 (full 0):
 garbage-first heap   total 251904K, used 9050K [0x0000000080000000, 0x0000000100000000)
  region size 1024K, 3 young (3072K), 3 survivors (3072K)
 Metaspace       used 10209K, capacity 10437K, committed 10624K, reserved 1058816K
  class space    used 1064K, capacity 1139K, committed 1152K, reserved 1048576K
}
Event: 1.460 GC heap before
{Heap before GC invocations=1 (full 0):
 garbage-first heap   total 251904K, used 105306K [0x0000000080000000, 0x0000000100000000)
  region size 1024K, 98 young (100352K), 3 survivors (3072K)
 Metaspace       used 20599K, capacity 21136K, committed 21248K, reserved 1067008K
  class space    used 2519K, capacity 2722K, committed 2816K, reserved 1048576K
}
Event: 1.466 GC heap after
{Heap after GC invocations=2 (full 0):
 garbage-first heap   total 251904K, used 16246K [0x0000000080000000, 0x0000000100000000)
  region size 1024K, 11 young (11264K), 11 survivors (11264K)
 Metaspace       used 20599K, capacity 21136K, committed 21248K, reserved 1067008K
  class space    used 2519K, capacity 2722K, committed 2816K, reserved 1048576K
}
Event: 1.706 GC heap before
{Heap before GC invocations=3 (full 0):
 garbage-first heap   total 251904K, used 52086K [0x0000000080000000, 0x0000000100000000)
  region size 1024K, 46 young (47104K), 11 survivors (11264K)
 Metaspace       used 24058K, capacity 24678K, committed 24832K, reserved 1071104K
  class space    used 3085K, capacity 3289K, committed 3328K, reserved 1048576K
}
Event: 1.712 GC heap after
{Heap after GC invocations=4 (full 0):
 garbage-first heap   total 251904K, used 18402K [0x0000000080000000, 0x0000000100000000)
  region size 1024K, 2 young (2048K), 2 survivors (2048K)
 Metaspace       used 24058K, capacity 24678K, committed 24832K, reserved 1071104K
  class space    used 3085K, capacity 3289K, committed 3328K, reserved 1048576K
}

Deoptimization events (20 events):
Event: 1.783 Thread 0x000002a1324ab000 Uncommon trap: trap_request=0xffffff7e fr.pc=0x000002a1203c5d28 relative=0x0000000000000168
Event: 1.783 Thread 0x000002a1324ab000 Uncommon trap: reason=predicate action=maybe_recompile pc=0x000002a1203c5d28 method=com.google.common.base.CharMatcher.indexIn(Ljava/lang/CharSequence;I)I @ 19 c2
Event: 1.783 Thread 0x000002a1324ab000 DEOPT PACKING pc=0x000002a1203c5d28 sp=0x000000f1826fba00
Event: 1.783 Thread 0x000002a1324ab000 DEOPT UNPACKING pc=0x000002a11882a1af sp=0x000000f1826fb990 mode 2
Event: 1.807 Thread 0x000002a1324ab000 Uncommon trap: trap_request=0xffffffde fr.pc=0x000002a1203a7760 relative=0x0000000000000320
Event: 1.807 Thread 0x000002a1324ab000 Uncommon trap: reason=class_check action=maybe_recompile pc=0x000002a1203a7760 method=java.util.Collections$SetFromMap.remove(Ljava/lang/Object;)Z @ 5 c2
Event: 1.807 Thread 0x000002a1324ab000 DEOPT PACKING pc=0x000002a1203a7760 sp=0x000000f1826fc430
Event: 1.807 Thread 0x000002a1324ab000 DEOPT UNPACKING pc=0x000002a11882a1af sp=0x000000f1826fc418 mode 2
Event: 1.807 Thread 0x000002a1324ab000 Uncommon trap: trap_request=0xffffffde fr.pc=0x000002a1203a7760 relative=0x0000000000000320
Event: 1.807 Thread 0x000002a1324ab000 Uncommon trap: reason=class_check action=maybe_recompile pc=0x000002a1203a7760 method=java.util.Collections$SetFromMap.remove(Ljava/lang/Object;)Z @ 5 c2
Event: 1.807 Thread 0x000002a1324ab000 DEOPT PACKING pc=0x000002a1203a7760 sp=0x000000f1826fc3b0
Event: 1.807 Thread 0x000002a1324ab000 DEOPT UNPACKING pc=0x000002a11882a1af sp=0x000000f1826fc398 mode 2
Event: 1.963 Thread 0x000002a1324ab000 Uncommon trap: trap_request=0xffffff4d fr.pc=0x000002a1203c3fcc relative=0x000000000000020c
Event: 1.963 Thread 0x000002a1324ab000 Uncommon trap: reason=unstable_if action=reinterpret pc=0x000002a1203c3fcc method=java.util.HashMap.hash(Ljava/lang/Object;)I @ 1 c2
Event: 1.963 Thread 0x000002a1324ab000 DEOPT PACKING pc=0x000002a1203c3fcc sp=0x000000f1826f91a0
Event: 1.963 Thread 0x000002a1324ab000 DEOPT UNPACKING pc=0x000002a11882a1af sp=0x000000f1826f90d8 mode 2
Event: 1.964 Thread 0x000002a1324ab000 Uncommon trap: trap_request=0xffffff4d fr.pc=0x000002a12033402c relative=0x000000000000008c
Event: 1.964 Thread 0x000002a1324ab000 Uncommon trap: reason=unstable_if action=reinterpret pc=0x000002a12033402c method=java.util.HashMap.hash(Ljava/lang/Object;)I @ 1 c2
Event: 1.964 Thread 0x000002a1324ab000 DEOPT PACKING pc=0x000002a12033402c sp=0x000000f1826f8f20
Event: 1.964 Thread 0x000002a1324ab000 DEOPT UNPACKING pc=0x000002a11882a1af sp=0x000000f1826f8eb8 mode 2

Classes redefined (0 events):
No events

Internal exceptions (20 events):
Event: 1.477 Thread 0x000002a1324ab000 Exception <a 'java/lang/NoSuchMethodError'{0x000000008f470778}: 'void java.lang.invoke.DirectMethodHandle$Holder.invokeStatic(java.lang.Object, java.lang.Object, java.lang.Object, java.lang.Object, java.lang.Object)'> (0x000000008f470778) thrown at [./src/hotspot/share/interpreter/linkResolver.cpp, line 773]
Event: 1.516 Thread 0x000002a1324ab000 Exception <a 'java/lang/NoSuchMethodError'{0x000000008ef027e0}: 'void java.lang.invoke.DirectMethodHandle$Holder.invokeSpecial(java.lang.Object, java.lang.Object)'> (0x000000008ef027e0) thrown at [./src/hotspot/share/interpreter/linkResolver.cpp, line 773]
Event: 1.536 Thread 0x000002a1324ab000 Exception <a 'java/lang/NoSuchMethodError'{0x000000008ed3dd68}: 'java.lang.Object java.lang.invoke.DirectMethodHandle$Holder.invokeSpecial(java.lang.Object, java.lang.Object, java.lang.Object, java.lang.Object, java.lang.Object, java.lang.Object, java.lang.Object, java.lang.Object, java.lang.Object)'> (0x000000008ed3dd68) thrown at [./src/hotspot/share/interpreter/linkResolver.cpp, line 773]
Event: 1.578 Thread 0x000002a1324ab000 Exception <a 'java/lang/NoSuchMethodError'{0x000000008e4d3fb8}: 'java.lang.Object java.lang.invoke.DirectMethodHandle$Holder.invokeVirtual(java.lang.Object, java.lang.Object, java.lang.Object, java.lang.Object)'> (0x000000008e4d3fb8) thrown at [./src/hotspot/share/interpreter/linkResolver.cpp, line 773]
Event: 1.591 Thread 0x000002a1324ab000 Exception <a 'java/lang/NoSuchMethodError'{0x000000008e19ca28}: 'java.lang.Object java.lang.invoke.Invokers$Holder.invoker(java.lang.Object, java.lang.Object, java.lang.Object, java.lang.Object, java.lang.Object)'> (0x000000008e19ca28) thrown at [./src/hotspot/share/interpreter/linkResolver.cpp, line 773]
Event: 1.635 Thread 0x000002a1324ab000 Exception <a 'java/lang/NoSuchMethodError'{0x000000008ddea560}: 'void java.lang.invoke.DirectMethodHandle$Holder.invokeSpecial(java.lang.Object, java.lang.Object, java.lang.Object, java.lang.Object, java.lang.Object, java.lang.Object)'> (0x000000008ddea560) thrown at [./src/hotspot/share/interpreter/linkResolver.cpp, line 773]
Event: 1.642 Thread 0x000002a1324ab000 Exception <a 'java/lang/NoSuchMethodError'{0x000000008dc4ffe0}: 'void java.lang.invoke.DirectMethodHandle$Holder.invokeSpecial(java.lang.Object, java.lang.Object, java.lang.Object, java.lang.Object, java.lang.Object, java.lang.Object, java.lang.Object)'> (0x000000008dc4ffe0) thrown at [./src/hotspot/share/interpreter/linkResolver.cpp, line 773]
Event: 1.642 Thread 0x000002a1324ab000 Exception <a 'java/lang/NoSuchMethodError'{0x000000008dc58228}: 'java.lang.Object java.lang.invoke.Invokers$Holder.linkToTargetMethod(java.lang.Object, java.lang.Object, java.lang.Object, java.lang.Object, java.lang.Object, java.lang.Object)'> (0x000000008dc58228) thrown at [./src/hotspot/share/interpreter/linkResolver.cpp, line 773]
Event: 1.742 Thread 0x000002a1324ab000 Exception <a 'java/lang/NoSuchMethodError'{0x000000008f2b08d0}: 'void java.lang.invoke.DirectMethodHandle$Holder.invokeStaticInit(java.lang.Object, java.lang.Object)'> (0x000000008f2b08d0) thrown at [./src/hotspot/share/interpreter/linkResolver.cpp, line 773]
Event: 1.801 Thread 0x000002a1324ab000 Exception <a 'java/lang/NoSuchMethodError'{0x000000008eb62c68}: 'void java.lang.invoke.DirectMethodHandle$Holder.invokeStatic(java.lang.Object, java.lang.Object, java.lang.Object, java.lang.Object)'> (0x000000008eb62c68) thrown at [./src/hotspot/share/interpreter/linkResolver.cpp, line 773]
Event: 1.802 Thread 0x000002a1324ab000 Exception <a 'java/lang/NoSuchMethodError'{0x000000008eb76768}: 'int java.lang.invoke.DirectMethodHandle$Holder.invokeInterface(java.lang.Object, java.lang.Object)'> (0x000000008eb76768) thrown at [./src/hotspot/share/interpreter/linkResolver.cpp, line 773]
Event: 1.888 Thread 0x000002a1324ab000 Exception <a 'java/lang/NoSuchMethodError'{0x000000008df48740}: 'java.lang.Object java.lang.invoke.DirectMethodHandle$Holder.invokeSpecialIFC(java.lang.Object, java.lang.Object, java.lang.Object, java.lang.Object)'> (0x000000008df48740) thrown at [./src/hotspot/share/interpreter/linkResolver.cpp, line 773]
Event: 1.894 Thread 0x000002a1324ab000 Exception <a 'java/lang/NoSuchMethodError'{0x000000008de29b30}: 'java.lang.Object java.lang.invoke.DirectMethodHandle$Holder.invokeSpecial(java.lang.Object, java.lang.Object, java.lang.Object, java.lang.Object, java.lang.Object, java.lang.Object, java.lang.Object, java.lang.Object, java.lang.Object, java.lang.Object, java.lang.Object, java.lang.Object, java.lang.Object)'> (0x000000008de29b30) thrown at [./src/hotspot/share/interpreter/linkResolver.cpp, line 773]
Event: 1.894 Thread 0x000002a1324ab000 Exception <a 'java/lang/NoSuchMethodError'{0x000000008de3adb8}: 'java.lang.Object java.lang.invoke.DirectMethodHandle$Holder.invokeSpecial(java.lang.Object, java.lang.Object, java.lang.Object, java.lang.Object, java.lang.Object, java.lang.Object, java.lang.Object, java.lang.Object, java.lang.Object, java.lang.Object, java.lang.Object, java.lang.Object)'> (0x000000008de3adb8) thrown at [./src/hotspot/share/interpreter/linkResolver.cpp, line 773]
Event: 1.895 Thread 0x000002a1324ab000 Exception <a 'java/lang/NoSuchMethodError'{0x000000008de3fee0}: 'java.lang.Object java.lang.invoke.Invokers$Holder.linkToTargetMethod(java.lang.Object, java.lang.Object, java.lang.Object, java.lang.Object, java.lang.Object, java.lang.Object, java.lang.Object, java.lang.Object, java.lang.Object, java.lang.Object, java.lang.Object)'> (0x000000008de3fee0) thrown at [./src/hotspot/share/interpreter/linkResolver.cpp, line 773]
Event: 1.902 Thread 0x000002a1324ab000 Exception <a 'java/lang/NoSuchMethodError'{0x000000008dd8e5b0}: 'java.lang.Object java.lang.invoke.DirectMethodHandle$Holder.invokeSpecial(java.lang.Object, java.lang.Object, java.lang.Object, java.lang.Object, java.lang.Object, java.lang.Object, java.lang.Object, java.lang.Object, java.lang.Object, java.lang.Object, java.lang.Object, java.lang.Object, java.lang.Object, java.lang.Object)'> (0x000000008dd8e5b0) thrown at [./src/hotspot/share/interpreter/linkResolver.cpp, line 773]
Event: 1.903 Thread 0x000002a1324ab000 Exception <a 'java/lang/NoSuchMethodError'{0x000000008dd9fba8}: 'java.lang.Object java.lang.invoke.Invokers$Holder.linkToTargetMethod(java.lang.Object, java.lang.Object, java.lang.Object, java.lang.Object, java.lang.Object, java.lang.Object, java.lang.Object, java.lang.Object, java.lang.Object, java.lang.Object, java.lang.Object, java.lang.Object)'> (0x000000008dd9fba8) thrown at [./src/hotspot/share/interpreter/linkResolver.cpp, line 773]
Event: 1.907 Thread 0x000002a1324ab000 Exception <a 'java/lang/NoSuchMethodError'{0x000000008dc345c0}: 'java.lang.Object java.lang.invoke.DirectMethodHandle$Holder.invokeStaticInit(java.lang.Object, java.lang.Object, java.lang.Object, java.lang.Object)'> (0x000000008dc345c0) thrown at [./src/hotspot/share/interpreter/linkResolver.cpp, line 773]
Event: 1.963 Thread 0x000002a1324ab000 Implicit null exception at 0x000002a1203c3df5 to 0x000002a1203c3fbc
Event: 1.964 Thread 0x000002a1324ab000 Implicit null exception at 0x000002a120333faf to 0x000002a12033401d

Events (20 events):
Event: 2.027 loading class org/gradle/api/internal/artifacts/dsl/ComponentMetadataHandlerInternal
Event: 2.027 loading class org/gradle/api/internal/artifacts/dsl/ComponentMetadataHandlerInternal done
Event: 2.027 loading class org/gradle/api/internal/artifacts/dsl/ModuleReplacementsData
Event: 2.027 loading class org/gradle/api/internal/artifacts/dsl/ModuleReplacementsData done
Event: 2.028 loading class org/gradle/api/internal/artifacts/dsl/ComponentModuleMetadataContainer
Event: 2.028 loading class org/gradle/api/internal/artifacts/dsl/ComponentModuleMetadataContainer done
Event: 2.029 loading class org/gradle/api/artifacts/ComponentModuleMetadataDetails
Event: 2.029 loading class org/gradle/api/artifacts/ComponentModuleMetadataDetails done
Event: 2.029 loading class org/gradle/api/artifacts/ComponentModuleMetadata
Event: 2.029 loading class org/gradle/api/artifacts/ComponentModuleMetadata done
Event: 2.030 loading class org/gradle/api/internal/artifacts/DefaultGlobalDependencyResolutionRules
Event: 2.030 loading class org/gradle/api/internal/artifacts/DefaultGlobalDependencyResolutionRules done
Event: 2.030 loading class org/gradle/api/internal/artifacts/DefaultGlobalDependencyResolutionRules$CompositeDependencySubstitutionRules
Event: 2.030 loading class org/gradle/api/internal/artifacts/DefaultGlobalDependencyResolutionRules$CompositeDependencySubstitutionRules done
Event: 2.030 loading class org/gradle/api/internal/artifacts/ivyservice/resolveengine/store/StoreSet
Event: 2.030 loading class org/gradle/api/internal/artifacts/ivyservice/resolveengine/store/StoreSet done
Event: 2.031 loading class org/gradle/api/internal/attributes/DefaultAttributesSchema
Event: 2.031 loading class org/gradle/api/internal/attributes/DefaultAttributesSchema done
Event: 2.031 loading class org/gradle/internal/component/model/ComponentAttributeMatcher
Event: 2.031 loading class org/gradle/internal/component/model/ComponentAttributeMatcher done


Dynamic libraries:
0x00007ff7b4d70000 - 0x00007ff7b4d7a000 	C:\Program Files\Android\Android Studio\jre\bin\java.exe
0x00007ffd93290000 - 0x00007ffd93484000 	C:\Windows\SYSTEM32\ntdll.dll
0x00007ffd913d0000 - 0x00007ffd9148d000 	C:\Windows\System32\KERNEL32.DLL
0x00007ffd90d20000 - 0x00007ffd90fe7000 	C:\Windows\System32\KERNELBASE.dll
0x00007ffd90b10000 - 0x00007ffd90c10000 	C:\Windows\System32\ucrtbase.dll
0x00007ffd7bc20000 - 0x00007ffd7bc39000 	C:\Program Files\Android\Android Studio\jre\bin\jli.dll
0x00007ffd79b20000 - 0x00007ffd79b37000 	C:\Program Files\Android\Android Studio\jre\bin\VCRUNTIME140.dll
0x00007ffd91e40000 - 0x00007ffd91fe0000 	C:\Windows\System32\USER32.dll
0x00007ffd90c10000 - 0x00007ffd90c32000 	C:\Windows\System32\win32u.dll
0x00007ffd7c380000 - 0x00007ffd7c61a000 	C:\Windows\WinSxS\amd64_microsoft.windows.common-controls_6595b64144ccf1df_6.0.19041.1_none_b555e41d4684ddec\COMCTL32.dll
0x00007ffd92530000 - 0x00007ffd9255a000 	C:\Windows\System32\GDI32.dll
0x00007ffd92d50000 - 0x00007ffd92dee000 	C:\Windows\System32\msvcrt.dll
0x00007ffd90ff0000 - 0x00007ffd910f9000 	C:\Windows\System32\gdi32full.dll
0x00007ffd91260000 - 0x00007ffd912fd000 	C:\Windows\System32\msvcp_win.dll
0x00007ffd92c40000 - 0x00007ffd92c70000 	C:\Windows\System32\IMM32.DLL
0x00007ffd6ad00000 - 0x00007ffd6ad9d000 	C:\Program Files\Android\Android Studio\jre\bin\msvcp140.dll
0x00007ffd67f20000 - 0x00007ffd68a05000 	C:\Program Files\Android\Android Studio\jre\bin\server\jvm.dll
0x00007ffd93180000 - 0x00007ffd9322a000 	C:\Windows\System32\ADVAPI32.dll
0x00007ffd91ff0000 - 0x00007ffd9208b000 	C:\Windows\System32\sechost.dll
0x00007ffd929e0000 - 0x00007ffd92b03000 	C:\Windows\System32\RPCRT4.dll
0x00007ffd92df0000 - 0x00007ffd92df8000 	C:\Windows\System32\PSAPI.DLL
0x00007ffd8be90000 - 0x00007ffd8be99000 	C:\Windows\SYSTEM32\WSOCK32.dll
0x00007ffd91c30000 - 0x00007ffd91c9b000 	C:\Windows\System32\WS2_32.dll
0x00007ffd886f0000 - 0x00007ffd886fa000 	C:\Windows\SYSTEM32\VERSION.dll
0x00007ffd86be0000 - 0x00007ffd86c07000 	C:\Windows\SYSTEM32\WINMM.dll
0x00007ffd8f2f0000 - 0x00007ffd8f303000 	C:\Windows\SYSTEM32\kernel.appcore.dll
0x00007ffd8adc0000 - 0x00007ffd8add1000 	C:\Program Files\Android\Android Studio\jre\bin\verify.dll
0x00007ffd8e5b0000 - 0x00007ffd8e794000 	C:\Windows\SYSTEM32\DBGHELP.DLL
0x00007ffd7f510000 - 0x00007ffd7f53c000 	C:\Windows\SYSTEM32\dbgcore.DLL
0x00007ffd90a90000 - 0x00007ffd90b0f000 	C:\Windows\System32\bcryptPrimitives.dll
0x00007ffd89bb0000 - 0x00007ffd89bd9000 	C:\Program Files\Android\Android Studio\jre\bin\java.dll
0x00007ffd89ba0000 - 0x00007ffd89bab000 	C:\Program Files\Android\Android Studio\jre\bin\jimage.dll
0x00007ffd89b30000 - 0x00007ffd89b48000 	C:\Program Files\Android\Android Studio\jre\bin\zip.dll
0x00007ffd914f0000 - 0x00007ffd91c21000 	C:\Windows\System32\SHELL32.dll
0x00007ffd8e7a0000 - 0x00007ffd8ef2a000 	C:\Windows\SYSTEM32\windows.storage.dll
0x00007ffd92170000 - 0x00007ffd924c4000 	C:\Windows\System32\combase.dll
0x00007ffd90390000 - 0x00007ffd903bb000 	C:\Windows\SYSTEM32\Wldp.dll
0x00007ffd930d0000 - 0x00007ffd9317e000 	C:\Windows\System32\SHCORE.dll
0x00007ffd924d0000 - 0x00007ffd92525000 	C:\Windows\System32\shlwapi.dll
0x00007ffd90920000 - 0x00007ffd9093f000 	C:\Windows\SYSTEM32\profapi.dll
0x00007ffd8bef0000 - 0x00007ffd8bf0a000 	C:\Program Files\Android\Android Studio\jre\bin\net.dll
0x00007ffd813d0000 - 0x00007ffd814d0000 	C:\Windows\SYSTEM32\WINHTTP.dll
0x00007ffd90110000 - 0x00007ffd9017a000 	C:\Windows\system32\mswsock.dll
0x00007ffd8bed0000 - 0x00007ffd8bee4000 	C:\Program Files\Android\Android Studio\jre\bin\nio.dll
0x00007ffd7af80000 - 0x00007ffd7afa7000 	C:\Users\Anna\.gradle\native\8bec1ad78214c89d9ad589b4d07fe93259594b29d510b10fafb7a158f7737e5d\windows-amd64\native-platform.dll
0x00007ffd59ea0000 - 0x00007ffd59fdd000 	C:\Users\Anna\.gradle\native\53dbd7edfb1c66fb8903c78663c9afc45aea4f116125fa6feffd364cf09443e8\windows-amd64\native-platform-file-events.dll
0x00007ffd8bec0000 - 0x00007ffd8beca000 	C:\Program Files\Android\Android Studio\jre\bin\management.dll
0x00007ffd8beb0000 - 0x00007ffd8bebd000 	C:\Program Files\Android\Android Studio\jre\bin\management_ext.dll
0x00007ffd902f0000 - 0x00007ffd90308000 	C:\Windows\SYSTEM32\CRYPTSP.dll
0x00007ffd8faa0000 - 0x00007ffd8fad4000 	C:\Windows\system32\rsaenh.dll
0x00007ffd90c40000 - 0x00007ffd90c67000 	C:\Windows\System32\bcrypt.dll
0x00007ffd908e0000 - 0x00007ffd9090e000 	C:\Windows\SYSTEM32\USERENV.dll
0x00007ffd902e0000 - 0x00007ffd902ec000 	C:\Windows\SYSTEM32\CRYPTBASE.dll
0x00007ffd8fe00000 - 0x00007ffd8fe3b000 	C:\Windows\SYSTEM32\IPHLPAPI.DLL
0x00007ffd929d0000 - 0x00007ffd929d9000 	C:\Windows\System32\NSI.dll
0x00007ffd88720000 - 0x00007ffd88737000 	C:\Windows\SYSTEM32\dhcpcsvc6.DLL
0x00007ffd88830000 - 0x00007ffd8884d000 	C:\Windows\SYSTEM32\dhcpcsvc.DLL
0x00007ffd8fe40000 - 0x00007ffd8ff0a000 	C:\Windows\SYSTEM32\DNSAPI.dll

dbghelp: loaded successfully - version: 4.0.5 - missing functions: none
symbol engine: initialized successfully - sym options: 0x614 - pdb path: .;C:\Program Files\Android\Android Studio\jre\bin;C:\Windows\SYSTEM32;C:\Windows\WinSxS\amd64_microsoft.windows.common-controls_6595b64144ccf1df_6.0.19041.1_none_b555e41d4684ddec;C:\Program Files\Android\Android Studio\jre\bin\server;C:\Users\Anna\.gradle\native\8bec1ad78214c89d9ad589b4d07fe93259594b29d510b10fafb7a158f7737e5d\windows-amd64;C:\Users\Anna\.gradle\native\53dbd7edfb1c66fb8903c78663c9afc45aea4f116125fa6feffd364cf09443e8\windows-amd64

VM Arguments:
jvm_args: --add-opens=java.base/java.util=ALL-UNNAMED --add-opens=java.base/java.lang=ALL-UNNAMED --add-opens=java.base/java.lang.invoke=ALL-UNNAMED --add-opens=java.base/java.util=ALL-UNNAMED --add-opens=java.prefs/java.util.prefs=ALL-UNNAMED --add-opens=java.prefs/java.util.prefs=ALL-UNNAMED --add-opens=java.base/java.nio.charset=ALL-UNNAMED --add-opens=java.base/java.net=ALL-UNNAMED --add-opens=java.base/java.util.concurrent.atomic=ALL-UNNAMED -Xmx2048m -Dfile.encoding=UTF-8 -Duser.country=RU -Duser.language=ru -Duser.variant 
java_command: org.gradle.launcher.daemon.bootstrap.GradleDaemon 7.0.2
java_class_path (initial): C:\Users\Anna\.gradle\wrapper\dists\gradle-7.0.2-bin\857tjihv64xamwrf0h14cai3r\gradle-7.0.2\lib\gradle-launcher-7.0.2.jar
Launcher Type: SUN_STANDARD

[Global flags]
     intx CICompilerCount                          = 4                                         {product} {ergonomic}
     uint ConcGCThreads                            = 2                                         {product} {ergonomic}
     uint G1ConcRefinementThreads                  = 8                                         {product} {ergonomic}
   size_t G1HeapRegionSize                         = 1048576                                   {product} {ergonomic}
    uintx GCDrainStackTargetSize                   = 64                                        {product} {ergonomic}
   size_t InitialHeapSize                          = 257949696                                 {product} {ergonomic}
   size_t MarkStackSize                            = 4194304                                   {product} {ergonomic}
   size_t MaxHeapSize                              = 2147483648                                {product} {command line}
   size_t MaxNewSize                               = 1287651328                                {product} {ergonomic}
   size_t MinHeapDeltaBytes                        = 1048576                                   {product} {ergonomic}
    uintx NonNMethodCodeHeapSize                   = 5836300                                {pd product} {ergonomic}
    uintx NonProfiledCodeHeapSize                  = 122910970                              {pd product} {ergonomic}
    uintx ProfiledCodeHeapSize                     = 122910970                              {pd product} {ergonomic}
    uintx ReservedCodeCacheSize                    = 251658240                              {pd product} {ergonomic}
     bool SegmentedCodeCache                       = true                                      {product} {ergonomic}
     bool UseCompressedClassPointers               = true                                 {lp64_product} {ergonomic}
     bool UseCompressedOops                        = true                                 {lp64_product} {ergonomic}
     bool UseG1GC                                  = true                                      {product} {ergonomic}
     bool UseLargePagesIndividualAllocation        = false                                  {pd product} {ergonomic}

Logging:
Log output configuration:
 #0: stdout all=warning uptime,level,tags
 #1: stderr all=off uptime,level,tags

Environment Variables:
PATH=C:\Windows\system32;C:\Windows;C:\Windows\System32\Wbem;C:\Windows\System32\WindowsPowerShell\v1.0\;C:\Program Files\Git\cmd;C:\Users\Anna\AppData\Local\Microsoft\WindowsApps;
USERNAME=Anna
OS=Windows_NT
PROCESSOR_IDENTIFIER=AMD64 Family 23 Model 96 Stepping 1, AuthenticAMD



---------------  S Y S T E M  ---------------

OS: Windows 10 , 64 bit Build 19041 (10.0.19041.207)
OS uptime: 0 days 0:27 hours

CPU:total 8 (initial active 8) (8 cores per cpu, 1 threads per core) family 23 model 96 stepping 1 microcode 0x0, cmov, cx8, fxsr, mmx, sse, sse2, sse3, ssse3, sse4.1, sse4.2, popcnt, avx, avx2, aes, clmul, mmxext, 3dnowpref, lzcnt, sse4a, tsc, tscinvbit, tscinv, bmi1, bmi2, adx, sha, fma

Memory: 4k page, system-wide physical 15741M (943M free)
TotalPageFile size 15741M (AvailPageFile size 5M)
current process WorkingSet (physical memory assigned to process): 256M, peak: 256M
current process commit charge ("private bytes"): 420M, peak: 420M

vm_info: OpenJDK 64-Bit Server VM (11.0.12+7-b1504.28-7817840) for windows-amd64 JRE (11.0.12+7-b1504.28-7817840), built on Oct 13 2021 22:12:33 by "builder" with MS VC++ 14.0 (VS2015)

END.
