#
# There is insufficient memory for the Java Runtime Environment to continue.
# Native memory allocation (malloc) failed to allocate 805296 bytes for Chunk::new
# Possible reasons:
#   The system is out of physical RAM or swap space
#   The process is running with CompressedOops enabled, and the Java Heap may be blocking the growth of the native heap
# Possible solutions:
#   Reduce memory load on the system
#   Increase physical memory or swap space
#   Check if swap backing store is full
#   Decrease Java heap size (-Xmx/-Xms)
#   Decrease number of Java threads
#   Decrease Java thread stack sizes (-Xss)
#   Set larger code cache with -XX:ReservedCodeCacheSize=
#   JVM is running with Unscaled Compressed Oops mode in which the Java heap is
#     placed in the first 4GB address space. The Java Heap base address is the
#     maximum limit for the native heap growth. Please use -XX:HeapBaseMinAddress
#     to set the Java Heap base and to place the Java Heap above 4GB virtual address.
# This output file may be truncated or incomplete.
#
#  Out of Memory Error (./src/hotspot/share/memory/arena.cpp:197), pid=12596, tid=13928
#
# JRE version: OpenJDK Runtime Environment (11.0.12+7) (build 11.0.12+7-b1504.28-7817840)
# Java VM: OpenJDK 64-Bit Server VM (11.0.12+7-b1504.28-7817840, mixed mode, tiered, compressed oops, g1 gc, windows-amd64)
# No core dump will be written. Minidumps are not enabled by default on client versions of Windows
#

---------------  S U M M A R Y ------------

Command Line: --add-opens=java.base/java.util=ALL-UNNAMED --add-opens=java.base/java.lang=ALL-UNNAMED --add-opens=java.base/java.lang.invoke=ALL-UNNAMED --add-opens=java.base/java.util=ALL-UNNAMED --add-opens=java.prefs/java.util.prefs=ALL-UNNAMED --add-opens=java.prefs/java.util.prefs=ALL-UNNAMED --add-opens=java.base/java.nio.charset=ALL-UNNAMED --add-opens=java.base/java.net=ALL-UNNAMED --add-opens=java.base/java.util.concurrent.atomic=ALL-UNNAMED -Xmx2048m -Dfile.encoding=UTF-8 -Duser.country=RU -Duser.language=ru -Duser.variant org.gradle.launcher.daemon.bootstrap.GradleDaemon 7.0.2

Host: AMD Ryzen 7 4700U with Radeon Graphics         , 8 cores, 15G,  Windows 10 , 64 bit Build 19041 (10.0.19041.207)
Time: Wed Aug 10 11:23:43 2022 RTZ 2 (зима) elapsed time: 2.583398 seconds (0d 0h 0m 2s)

---------------  T H R E A D  ---------------

Current thread (0x000001531412e800):  JavaThread "C2 CompilerThread1" daemon [_thread_in_native, id=13928, stack(0x0000003f3df00000,0x0000003f3e000000)]


Current CompileTask:
C2:   2583 2495       4       jdk.internal.loader.URLClassPath::getResource (74 bytes)

Stack: [0x0000003f3df00000,0x0000003f3e000000]
Native frames: (J=compiled Java code, j=interpreted, Vv=VM code, C=native code)
V  [jvm.dll+0x5fbcea]
V  [jvm.dll+0x731905]
V  [jvm.dll+0x732f1d]
V  [jvm.dll+0x7335d3]
V  [jvm.dll+0x247bf8]
V  [jvm.dll+0xc018c]
V  [jvm.dll+0xc06cc]
V  [jvm.dll+0x2bcc04]
V  [jvm.dll+0x5113a8]
V  [jvm.dll+0x208303]
V  [jvm.dll+0x201fe0]
V  [jvm.dll+0x1ff71f]
V  [jvm.dll+0x18868c]
V  [jvm.dll+0x20e0d7]
V  [jvm.dll+0x20c901]
V  [jvm.dll+0x6f9b7f]
V  [jvm.dll+0x6f26a5]
V  [jvm.dll+0x5fabf6]
C  [ucrtbase.dll+0x21542]
C  [KERNEL32.DLL+0x16fd4]
C  [ntdll.dll+0x4cec1]


---------------  P R O C E S S  ---------------

Threads class SMR info:
_java_thread_list=0x0000015318060720, length=32, elements={
0x00000153787b9000, 0x0000015313d72800, 0x0000015313d7c000, 0x0000015313d90000,
0x0000015313d92800, 0x0000015313d93800, 0x0000015313d96800, 0x0000015313ddd800,
0x0000015313dde000, 0x0000015313f5e000, 0x000001531412e800, 0x0000015315ecc800,
0x0000015315ecb800, 0x0000015315eca800, 0x0000015315ec8800, 0x0000015315ecd000,
0x0000015315ec7800, 0x0000015315ece000, 0x0000015315ec9000, 0x0000015315eca000,
0x000001531625e000, 0x000001531625f800, 0x0000015316261000, 0x000001531625b800,
0x000001531625e800, 0x0000015316260800, 0x0000015316262000, 0x000001531625d000,
0x000001531625c800, 0x0000015316267800, 0x0000015316267000, 0x00000153186d9800
}

Java Threads: ( => current thread )
  0x00000153787b9000 JavaThread "main" [_thread_blocked, id=13916, stack(0x0000003f3ce00000,0x0000003f3cf00000)]
  0x0000015313d72800 JavaThread "Reference Handler" daemon [_thread_blocked, id=8036, stack(0x0000003f3d500000,0x0000003f3d600000)]
  0x0000015313d7c000 JavaThread "Finalizer" daemon [_thread_blocked, id=10080, stack(0x0000003f3d600000,0x0000003f3d700000)]
  0x0000015313d90000 JavaThread "Signal Dispatcher" daemon [_thread_blocked, id=8220, stack(0x0000003f3d700000,0x0000003f3d800000)]
  0x0000015313d92800 JavaThread "Attach Listener" daemon [_thread_blocked, id=9968, stack(0x0000003f3d800000,0x0000003f3d900000)]
  0x0000015313d93800 JavaThread "Service Thread" daemon [_thread_blocked, id=13128, stack(0x0000003f3d900000,0x0000003f3da00000)]
  0x0000015313d96800 JavaThread "C2 CompilerThread0" daemon [_thread_in_native, id=13272, stack(0x0000003f3da00000,0x0000003f3db00000)]
  0x0000015313ddd800 JavaThread "C1 CompilerThread0" daemon [_thread_in_vm, id=13124, stack(0x0000003f3db00000,0x0000003f3dc00000)]
  0x0000015313dde000 JavaThread "Sweeper thread" daemon [_thread_blocked, id=13248, stack(0x0000003f3dc00000,0x0000003f3dd00000)]
  0x0000015313f5e000 JavaThread "Common-Cleaner" daemon [_thread_blocked, id=13224, stack(0x0000003f3dd00000,0x0000003f3de00000)]
=>0x000001531412e800 JavaThread "C2 CompilerThread1" daemon [_thread_in_native, id=13928, stack(0x0000003f3df00000,0x0000003f3e000000)]
  0x0000015315ecc800 JavaThread "Daemon health stats" [_thread_blocked, id=13776, stack(0x0000003f3e500000,0x0000003f3e600000)]
  0x0000015315ecb800 JavaThread "Incoming local TCP Connector on port 51926" [_thread_in_native, id=8668, stack(0x0000003f3e600000,0x0000003f3e700000)]
  0x0000015315eca800 JavaThread "Daemon periodic checks" [_thread_blocked, id=12296, stack(0x0000003f3e700000,0x0000003f3e800000)]
  0x0000015315ec8800 JavaThread "Daemon" [_thread_blocked, id=12304, stack(0x0000003f3e800000,0x0000003f3e900000)]
  0x0000015315ecd000 JavaThread "Handler for socket connection from /127.0.0.1:51926 to /127.0.0.1:51927" [_thread_in_native, id=12300, stack(0x0000003f3e900000,0x0000003f3ea00000)]
  0x0000015315ec7800 JavaThread "Cancel handler" [_thread_blocked, id=9136, stack(0x0000003f3ea00000,0x0000003f3eb00000)]
  0x0000015315ece000 JavaThread "Daemon worker" [_thread_in_Java, id=10372, stack(0x0000003f3eb00000,0x0000003f3ec00000)]
  0x0000015315ec9000 JavaThread "Asynchronous log dispatcher for DefaultDaemonConnection: socket connection from /127.0.0.1:51926 to /127.0.0.1:51927" [_thread_blocked, id=7316, stack(0x0000003f3ec00000,0x0000003f3ed00000)]
  0x0000015315eca000 JavaThread "Stdin handler" [_thread_blocked, id=11352, stack(0x0000003f3ed00000,0x0000003f3ee00000)]
  0x000001531625e000 JavaThread "Daemon client event forwarder" [_thread_blocked, id=1544, stack(0x0000003f3ee00000,0x0000003f3ef00000)]
  0x000001531625f800 JavaThread "Cache worker for file hash cache (C:\Users\Anna\.gradle\caches\7.0.2\fileHashes)" [_thread_blocked, id=2928, stack(0x0000003f3e000000,0x0000003f3e100000)]
  0x0000015316261000 JavaThread "File lock request listener" [_thread_in_native, id=6328, stack(0x0000003f3ef00000,0x0000003f3f000000)]
  0x000001531625b800 JavaThread "Cache worker for journal cache (C:\Users\Anna\.gradle\caches\journal-1)" [_thread_blocked, id=6172, stack(0x0000003f3f400000,0x0000003f3f500000)]
  0x000001531625e800 JavaThread "Cache worker for file hash cache (C:\Users\Anna\AndroidStudioProjects\Bugs-master\.gradle\7.0.2\fileHashes)" [_thread_blocked, id=6968, stack(0x0000003f3f500000,0x0000003f3f600000)]
  0x0000015316260800 JavaThread "File watcher server" daemon [_thread_in_native, id=7456, stack(0x0000003f3f600000,0x0000003f3f700000)]
  0x0000015316262000 JavaThread "File watcher consumer" daemon [_thread_blocked, id=13632, stack(0x0000003f3f700000,0x0000003f3f800000)]
  0x000001531625d000 JavaThread "Cache worker for checksums cache (C:\Users\Anna\AndroidStudioProjects\Bugs-master\.gradle\checksums)" [_thread_blocked, id=10612, stack(0x0000003f3f800000,0x0000003f3f900000)]
  0x000001531625c800 JavaThread "Cache worker for cache directory md-supplier (C:\Users\Anna\.gradle\caches\7.0.2\md-supplier)" [_thread_blocked, id=5772, stack(0x0000003f3f900000,0x0000003f3fa00000)]
  0x0000015316267800 JavaThread "Cache worker for cache directory md-rule (C:\Users\Anna\.gradle\caches\7.0.2\md-rule)" [_thread_blocked, id=11648, stack(0x0000003f3fa00000,0x0000003f3fb00000)]
  0x0000015316267000 JavaThread "Cache worker for execution history cache (C:\Users\Anna\.gradle\caches\7.0.2\executionHistory)" [_thread_blocked, id=6212, stack(0x0000003f3fb00000,0x0000003f3fc00000)]
  0x00000153186d9800 JavaThread "C2 CompilerThread2" daemon [_thread_in_vm, id=11832, stack(0x0000003f3fc00000,0x0000003f3fd00000)]

Other Threads:
  0x0000015313d70800 VMThread "VM Thread" [stack: 0x0000003f3d400000,0x0000003f3d500000] [id=10104]
  0x0000015313f5f000 WatcherThread [stack: 0x0000003f3de00000,0x0000003f3df00000] [id=12496]
  0x00000153787d1800 GCTaskThread "GC Thread#0" [stack: 0x0000003f3cf00000,0x0000003f3d000000] [id=12948]
  0x0000015315072800 GCTaskThread "GC Thread#1" [stack: 0x0000003f3e100000,0x0000003f3e200000] [id=4756]
  0x0000015314da9000 GCTaskThread "GC Thread#2" [stack: 0x0000003f3e200000,0x0000003f3e300000] [id=1968]
  0x0000015314da7000 GCTaskThread "GC Thread#3" [stack: 0x0000003f3e300000,0x0000003f3e400000] [id=2256]
  0x0000015314da3800 GCTaskThread "GC Thread#4" [stack: 0x0000003f3e400000,0x0000003f3e500000] [id=11896]
  0x0000015314daa800 GCTaskThread "GC Thread#5" [stack: 0x0000003f3f000000,0x0000003f3f100000] [id=5768]
  0x0000015314daa000 GCTaskThread "GC Thread#6" [stack: 0x0000003f3f100000,0x0000003f3f200000] [id=10516]
  0x0000015314da4000 GCTaskThread "GC Thread#7" [stack: 0x0000003f3f200000,0x0000003f3f300000] [id=13984]
  0x0000015378808800 ConcurrentGCThread "G1 Main Marker" [stack: 0x0000003f3d000000,0x0000003f3d100000] [id=7060]
  0x000001537880a000 ConcurrentGCThread "G1 Conc#0" [stack: 0x0000003f3d100000,0x0000003f3d200000] [id=7532]
  0x0000015314da8800 ConcurrentGCThread "G1 Conc#1" [stack: 0x0000003f3f300000,0x0000003f3f400000] [id=5404]
  0x000001537889e000 ConcurrentGCThread "G1 Refine#0" [stack: 0x0000003f3d200000,0x0000003f3d300000] [id=6616]
  0x00000153133c2800 ConcurrentGCThread "G1 Young RemSet Sampling" [stack: 0x0000003f3d300000,0x0000003f3d400000] [id=9152]

Threads with active compile tasks:
C2 CompilerThread0   2600 2494  s!   4       jdk.internal.loader.URLClassPath::getLoader (194 bytes)
C1 CompilerThread0   2600 2636       3       java.lang.Exception::<init> (6 bytes)
C2 CompilerThread1   2600 2495       4       jdk.internal.loader.URLClassPath::getResource (74 bytes)
C2 CompilerThread2   2600 2635       4       java.util.WeakHashMap::put (162 bytes)

VM state:not at safepoint (normal execution)

VM Mutex/Monitor currently owned by a thread:  ([mutex/lock_event])
[0x00000153787a6d30] CodeCache_lock - owner thread: 0x0000000000000000

Heap address: 0x0000000080000000, size: 2048 MB, Compressed Oops mode: 32-bit
Narrow klass base: 0x0000000000000000, Narrow klass shift: 3
Compressed class space size: 1073741824 Address: 0x0000000100000000

Heap:
 garbage-first heap   total 251904K, used 61661K [0x0000000080000000, 0x0000000100000000)
  region size 1024K, 45 young (46080K), 3 survivors (3072K)
 Metaspace       used 31695K, capacity 32495K, committed 32640K, reserved 1077248K
  class space    used 4189K, capacity 4474K, committed 4480K, reserved 1048576K
Heap Regions: E=young(eden), S=young(survivor), O=old, HS=humongous(starts), HC=humongous(continues), CS=collection set, F=free, A=archive, TAMS=top-at-mark-start (previous, next)
|   0|0x0000000080000000, 0x0000000080100000, 0x0000000080100000|100%| O|  |TAMS 0x0000000080000000, 0x0000000080000000| Untracked 
|   1|0x0000000080100000, 0x0000000080200000, 0x0000000080200000|100%| O|  |TAMS 0x0000000080100000, 0x0000000080100000| Untracked 
|   2|0x0000000080200000, 0x0000000080300000, 0x0000000080300000|100%| O|  |TAMS 0x0000000080200000, 0x0000000080200000| Untracked 
|   3|0x0000000080300000, 0x0000000080400000, 0x0000000080400000|100%|HS|  |TAMS 0x0000000080400000, 0x0000000080300000| Complete 
|   4|0x0000000080400000, 0x0000000080500000, 0x0000000080500000|100%|HC|  |TAMS 0x0000000080500000, 0x0000000080400000| Complete 
|   5|0x0000000080500000, 0x0000000080600000, 0x0000000080600000|100%|HC|  |TAMS 0x0000000080600000, 0x0000000080500000| Complete 
|   6|0x0000000080600000, 0x0000000080700000, 0x0000000080700000|100%| O|  |TAMS 0x0000000080700000, 0x0000000080600000| Untracked 
|   7|0x0000000080700000, 0x0000000080800000, 0x0000000080800000|100%| O|  |TAMS 0x0000000080800000, 0x0000000080700000| Untracked 
|   8|0x0000000080800000, 0x0000000080900000, 0x0000000080900000|100%| O|  |TAMS 0x0000000080900000, 0x0000000080800000| Untracked 
|   9|0x0000000080900000, 0x0000000080a00000, 0x0000000080a00000|100%| O|  |TAMS 0x00000000809a0800, 0x0000000080900000| Untracked 
|  10|0x0000000080a00000, 0x0000000080b00000, 0x0000000080b00000|100%| O|  |TAMS 0x0000000080a00000, 0x0000000080a00000| Untracked 
|  11|0x0000000080b00000, 0x0000000080c00000, 0x0000000080c00000|100%| O|  |TAMS 0x0000000080b00000, 0x0000000080b00000| Untracked 
|  12|0x0000000080c00000, 0x0000000080d00000, 0x0000000080d00000|100%| O|  |TAMS 0x0000000080c00000, 0x0000000080c00000| Untracked 
|  13|0x0000000080d00000, 0x0000000080e00000, 0x0000000080e00000|100%| O|  |TAMS 0x0000000080d00000, 0x0000000080d00000| Untracked 
|  14|0x0000000080e00000, 0x0000000080f00000, 0x0000000080f00000|100%| O|  |TAMS 0x0000000080e00000, 0x0000000080e00000| Untracked 
|  15|0x0000000080f00000, 0x0000000081000000, 0x0000000081000000|100%| O|  |TAMS 0x0000000080f00000, 0x0000000080f00000| Untracked 
|  16|0x0000000081000000, 0x00000000810b5e00, 0x0000000081100000| 71%| O|  |TAMS 0x0000000081000000, 0x0000000081000000| Untracked 
|  17|0x0000000081100000, 0x0000000081100000, 0x0000000081200000|  0%| F|  |TAMS 0x0000000081100000, 0x0000000081100000| Untracked 
|  18|0x0000000081200000, 0x0000000081200000, 0x0000000081300000|  0%| F|  |TAMS 0x0000000081200000, 0x0000000081200000| Untracked 
|  19|0x0000000081300000, 0x0000000081300000, 0x0000000081400000|  0%| F|  |TAMS 0x0000000081300000, 0x0000000081300000| Untracked 
|  20|0x0000000081400000, 0x0000000081400000, 0x0000000081500000|  0%| F|  |TAMS 0x0000000081400000, 0x0000000081400000| Untracked 
|  21|0x0000000081500000, 0x0000000081500000, 0x0000000081600000|  0%| F|  |TAMS 0x0000000081500000, 0x0000000081500000| Untracked 
|  22|0x0000000081600000, 0x0000000081600000, 0x0000000081700000|  0%| F|  |TAMS 0x0000000081600000, 0x0000000081600000| Untracked 
|  23|0x0000000081700000, 0x0000000081700000, 0x0000000081800000|  0%| F|  |TAMS 0x0000000081700000, 0x0000000081700000| Untracked 
|  24|0x0000000081800000, 0x0000000081800000, 0x0000000081900000|  0%| F|  |TAMS 0x0000000081800000, 0x0000000081800000| Untracked 
|  25|0x0000000081900000, 0x0000000081900000, 0x0000000081a00000|  0%| F|  |TAMS 0x0000000081900000, 0x0000000081900000| Untracked 
|  26|0x0000000081a00000, 0x0000000081a00000, 0x0000000081b00000|  0%| F|  |TAMS 0x0000000081a00000, 0x0000000081a00000| Untracked 
|  27|0x0000000081b00000, 0x0000000081b00000, 0x0000000081c00000|  0%| F|  |TAMS 0x0000000081b00000, 0x0000000081b00000| Untracked 
|  28|0x0000000081c00000, 0x0000000081c00000, 0x0000000081d00000|  0%| F|  |TAMS 0x0000000081c00000, 0x0000000081c00000| Untracked 
|  29|0x0000000081d00000, 0x0000000081d00000, 0x0000000081e00000|  0%| F|  |TAMS 0x0000000081d00000, 0x0000000081d00000| Untracked 
|  30|0x0000000081e00000, 0x0000000081e00000, 0x0000000081f00000|  0%| F|  |TAMS 0x0000000081e00000, 0x0000000081e00000| Untracked 
|  31|0x0000000081f00000, 0x0000000081f00000, 0x0000000082000000|  0%| F|  |TAMS 0x0000000081f00000, 0x0000000081f00000| Untracked 
|  32|0x0000000082000000, 0x0000000082000000, 0x0000000082100000|  0%| F|  |TAMS 0x0000000082000000, 0x0000000082000000| Untracked 
|  33|0x0000000082100000, 0x0000000082100000, 0x0000000082200000|  0%| F|  |TAMS 0x0000000082100000, 0x0000000082100000| Untracked 
|  34|0x0000000082200000, 0x0000000082200000, 0x0000000082300000|  0%| F|  |TAMS 0x0000000082200000, 0x0000000082200000| Untracked 
|  35|0x0000000082300000, 0x0000000082300000, 0x0000000082400000|  0%| F|  |TAMS 0x0000000082300000, 0x0000000082300000| Untracked 
|  36|0x0000000082400000, 0x0000000082400000, 0x0000000082500000|  0%| F|  |TAMS 0x0000000082400000, 0x0000000082400000| Untracked 
|  37|0x0000000082500000, 0x0000000082500000, 0x0000000082600000|  0%| F|  |TAMS 0x0000000082500000, 0x0000000082500000| Untracked 
|  38|0x0000000082600000, 0x0000000082600000, 0x0000000082700000|  0%| F|  |TAMS 0x0000000082600000, 0x0000000082600000| Untracked 
|  39|0x0000000082700000, 0x0000000082700000, 0x0000000082800000|  0%| F|  |TAMS 0x0000000082700000, 0x0000000082700000| Untracked 
|  40|0x0000000082800000, 0x0000000082800000, 0x0000000082900000|  0%| F|  |TAMS 0x0000000082800000, 0x0000000082800000| Untracked 
|  41|0x0000000082900000, 0x0000000082900000, 0x0000000082a00000|  0%| F|  |TAMS 0x0000000082900000, 0x0000000082900000| Untracked 
|  42|0x0000000082a00000, 0x0000000082a00000, 0x0000000082b00000|  0%| F|  |TAMS 0x0000000082a00000, 0x0000000082a00000| Untracked 
|  43|0x0000000082b00000, 0x0000000082b00000, 0x0000000082c00000|  0%| F|  |TAMS 0x0000000082b00000, 0x0000000082b00000| Untracked 
|  44|0x0000000082c00000, 0x0000000082c00000, 0x0000000082d00000|  0%| F|  |TAMS 0x0000000082c00000, 0x0000000082c00000| Untracked 
|  45|0x0000000082d00000, 0x0000000082d00000, 0x0000000082e00000|  0%| F|  |TAMS 0x0000000082d00000, 0x0000000082d00000| Untracked 
|  46|0x0000000082e00000, 0x0000000082e00000, 0x0000000082f00000|  0%| F|  |TAMS 0x0000000082e00000, 0x0000000082e00000| Untracked 
|  47|0x0000000082f00000, 0x0000000082f00000, 0x0000000083000000|  0%| F|  |TAMS 0x0000000082f00000, 0x0000000082f00000| Untracked 
|  48|0x0000000083000000, 0x0000000083000000, 0x0000000083100000|  0%| F|  |TAMS 0x0000000083000000, 0x0000000083000000| Untracked 
|  49|0x0000000083100000, 0x0000000083100000, 0x0000000083200000|  0%| F|  |TAMS 0x0000000083100000, 0x0000000083100000| Untracked 
|  50|0x0000000083200000, 0x0000000083200000, 0x0000000083300000|  0%| F|  |TAMS 0x0000000083200000, 0x0000000083200000| Untracked 
|  51|0x0000000083300000, 0x0000000083300000, 0x0000000083400000|  0%| F|  |TAMS 0x0000000083300000, 0x0000000083300000| Untracked 
|  52|0x0000000083400000, 0x0000000083400000, 0x0000000083500000|  0%| F|  |TAMS 0x0000000083400000, 0x0000000083400000| Untracked 
|  53|0x0000000083500000, 0x0000000083500000, 0x0000000083600000|  0%| F|  |TAMS 0x0000000083500000, 0x0000000083500000| Untracked 
|  54|0x0000000083600000, 0x0000000083600000, 0x0000000083700000|  0%| F|  |TAMS 0x0000000083600000, 0x0000000083600000| Untracked 
|  55|0x0000000083700000, 0x0000000083700000, 0x0000000083800000|  0%| F|  |TAMS 0x0000000083700000, 0x0000000083700000| Untracked 
|  56|0x0000000083800000, 0x0000000083800000, 0x0000000083900000|  0%| F|  |TAMS 0x0000000083800000, 0x0000000083800000| Untracked 
|  57|0x0000000083900000, 0x0000000083900000, 0x0000000083a00000|  0%| F|  |TAMS 0x0000000083900000, 0x0000000083900000| Untracked 
|  58|0x0000000083a00000, 0x0000000083a00000, 0x0000000083b00000|  0%| F|  |TAMS 0x0000000083a00000, 0x0000000083a00000| Untracked 
|  59|0x0000000083b00000, 0x0000000083b00000, 0x0000000083c00000|  0%| F|  |TAMS 0x0000000083b00000, 0x0000000083b00000| Untracked 
|  60|0x0000000083c00000, 0x0000000083c00000, 0x0000000083d00000|  0%| F|  |TAMS 0x0000000083c00000, 0x0000000083c00000| Untracked 
|  61|0x0000000083d00000, 0x0000000083d00000, 0x0000000083e00000|  0%| F|  |TAMS 0x0000000083d00000, 0x0000000083d00000| Untracked 
|  62|0x0000000083e00000, 0x0000000083e00000, 0x0000000083f00000|  0%| F|  |TAMS 0x0000000083e00000, 0x0000000083e00000| Untracked 
|  63|0x0000000083f00000, 0x0000000083f00000, 0x0000000084000000|  0%| F|  |TAMS 0x0000000083f00000, 0x0000000083f00000| Untracked 
|  64|0x0000000084000000, 0x0000000084000000, 0x0000000084100000|  0%| F|  |TAMS 0x0000000084000000, 0x0000000084000000| Untracked 
|  65|0x0000000084100000, 0x0000000084100000, 0x0000000084200000|  0%| F|  |TAMS 0x0000000084100000, 0x0000000084100000| Untracked 
|  66|0x0000000084200000, 0x0000000084200000, 0x0000000084300000|  0%| F|  |TAMS 0x0000000084200000, 0x0000000084200000| Untracked 
|  67|0x0000000084300000, 0x0000000084300000, 0x0000000084400000|  0%| F|  |TAMS 0x0000000084300000, 0x0000000084300000| Untracked 
|  68|0x0000000084400000, 0x0000000084400000, 0x0000000084500000|  0%| F|  |TAMS 0x0000000084400000, 0x0000000084400000| Untracked 
|  69|0x0000000084500000, 0x0000000084500000, 0x0000000084600000|  0%| F|  |TAMS 0x0000000084500000, 0x0000000084500000| Untracked 
|  70|0x0000000084600000, 0x0000000084600000, 0x0000000084700000|  0%| F|  |TAMS 0x0000000084600000, 0x0000000084600000| Untracked 
|  71|0x0000000084700000, 0x0000000084700000, 0x0000000084800000|  0%| F|  |TAMS 0x0000000084700000, 0x0000000084700000| Untracked 
|  72|0x0000000084800000, 0x0000000084800000, 0x0000000084900000|  0%| F|  |TAMS 0x0000000084800000, 0x0000000084800000| Untracked 
|  73|0x0000000084900000, 0x0000000084900000, 0x0000000084a00000|  0%| F|  |TAMS 0x0000000084900000, 0x0000000084900000| Untracked 
|  74|0x0000000084a00000, 0x0000000084a00000, 0x0000000084b00000|  0%| F|  |TAMS 0x0000000084a00000, 0x0000000084a00000| Untracked 
|  75|0x0000000084b00000, 0x0000000084b00000, 0x0000000084c00000|  0%| F|  |TAMS 0x0000000084b00000, 0x0000000084b00000| Untracked 
|  76|0x0000000084c00000, 0x0000000084c00000, 0x0000000084d00000|  0%| F|  |TAMS 0x0000000084c00000, 0x0000000084c00000| Untracked 
|  77|0x0000000084d00000, 0x0000000084d00000, 0x0000000084e00000|  0%| F|  |TAMS 0x0000000084d00000, 0x0000000084d00000| Untracked 
|  78|0x0000000084e00000, 0x0000000084e00000, 0x0000000084f00000|  0%| F|  |TAMS 0x0000000084e00000, 0x0000000084e00000| Untracked 
|  79|0x0000000084f00000, 0x0000000084f00000, 0x0000000085000000|  0%| F|  |TAMS 0x0000000084f00000, 0x0000000084f00000| Untracked 
|  80|0x0000000085000000, 0x0000000085000000, 0x0000000085100000|  0%| F|  |TAMS 0x0000000085000000, 0x0000000085000000| Untracked 
|  81|0x0000000085100000, 0x0000000085100000, 0x0000000085200000|  0%| F|  |TAMS 0x0000000085100000, 0x0000000085100000| Untracked 
|  82|0x0000000085200000, 0x0000000085200000, 0x0000000085300000|  0%| F|  |TAMS 0x0000000085200000, 0x0000000085200000| Untracked 
|  83|0x0000000085300000, 0x0000000085300000, 0x0000000085400000|  0%| F|  |TAMS 0x0000000085300000, 0x0000000085300000| Untracked 
|  84|0x0000000085400000, 0x0000000085400000, 0x0000000085500000|  0%| F|  |TAMS 0x0000000085400000, 0x0000000085400000| Untracked 
|  85|0x0000000085500000, 0x0000000085500000, 0x0000000085600000|  0%| F|  |TAMS 0x0000000085500000, 0x0000000085500000| Untracked 
|  86|0x0000000085600000, 0x0000000085600000, 0x0000000085700000|  0%| F|  |TAMS 0x0000000085600000, 0x0000000085600000| Untracked 
|  87|0x0000000085700000, 0x0000000085700000, 0x0000000085800000|  0%| F|  |TAMS 0x0000000085700000, 0x0000000085700000| Untracked 
|  88|0x0000000085800000, 0x0000000085800000, 0x0000000085900000|  0%| F|  |TAMS 0x0000000085800000, 0x0000000085800000| Untracked 
|  89|0x0000000085900000, 0x0000000085900000, 0x0000000085a00000|  0%| F|  |TAMS 0x0000000085900000, 0x0000000085900000| Untracked 
|  90|0x0000000085a00000, 0x0000000085a00000, 0x0000000085b00000|  0%| F|  |TAMS 0x0000000085a00000, 0x0000000085a00000| Untracked 
|  91|0x0000000085b00000, 0x0000000085b00000, 0x0000000085c00000|  0%| F|  |TAMS 0x0000000085b00000, 0x0000000085b00000| Untracked 
|  92|0x0000000085c00000, 0x0000000085c00000, 0x0000000085d00000|  0%| F|  |TAMS 0x0000000085c00000, 0x0000000085c00000| Untracked 
|  93|0x0000000085d00000, 0x0000000085d00000, 0x0000000085e00000|  0%| F|  |TAMS 0x0000000085d00000, 0x0000000085d00000| Untracked 
|  94|0x0000000085e00000, 0x0000000085e00000, 0x0000000085f00000|  0%| F|  |TAMS 0x0000000085e00000, 0x0000000085e00000| Untracked 
|  95|0x0000000085f00000, 0x0000000085f00000, 0x0000000086000000|  0%| F|  |TAMS 0x0000000085f00000, 0x0000000085f00000| Untracked 
|  96|0x0000000086000000, 0x0000000086000000, 0x0000000086100000|  0%| F|  |TAMS 0x0000000086000000, 0x0000000086000000| Untracked 
|  97|0x0000000086100000, 0x0000000086100000, 0x0000000086200000|  0%| F|  |TAMS 0x0000000086100000, 0x0000000086100000| Untracked 
|  98|0x0000000086200000, 0x0000000086200000, 0x0000000086300000|  0%| F|  |TAMS 0x0000000086200000, 0x0000000086200000| Untracked 
|  99|0x0000000086300000, 0x0000000086300000, 0x0000000086400000|  0%| F|  |TAMS 0x0000000086300000, 0x0000000086300000| Untracked 
| 100|0x0000000086400000, 0x0000000086400000, 0x0000000086500000|  0%| F|  |TAMS 0x0000000086400000, 0x0000000086400000| Untracked 
| 101|0x0000000086500000, 0x0000000086500000, 0x0000000086600000|  0%| F|  |TAMS 0x0000000086500000, 0x0000000086500000| Untracked 
| 102|0x0000000086600000, 0x0000000086600000, 0x0000000086700000|  0%| F|  |TAMS 0x0000000086600000, 0x0000000086600000| Untracked 
| 103|0x0000000086700000, 0x0000000086700000, 0x0000000086800000|  0%| F|  |TAMS 0x0000000086700000, 0x0000000086700000| Untracked 
| 104|0x0000000086800000, 0x0000000086800000, 0x0000000086900000|  0%| F|  |TAMS 0x0000000086800000, 0x0000000086800000| Untracked 
| 105|0x0000000086900000, 0x0000000086900000, 0x0000000086a00000|  0%| F|  |TAMS 0x0000000086900000, 0x0000000086900000| Untracked 
| 106|0x0000000086a00000, 0x0000000086a00000, 0x0000000086b00000|  0%| F|  |TAMS 0x0000000086a00000, 0x0000000086a00000| Untracked 
| 107|0x0000000086b00000, 0x0000000086b00000, 0x0000000086c00000|  0%| F|  |TAMS 0x0000000086b00000, 0x0000000086b00000| Untracked 
| 108|0x0000000086c00000, 0x0000000086c00000, 0x0000000086d00000|  0%| F|  |TAMS 0x0000000086c00000, 0x0000000086c00000| Untracked 
| 109|0x0000000086d00000, 0x0000000086d00000, 0x0000000086e00000|  0%| F|  |TAMS 0x0000000086d00000, 0x0000000086d00000| Untracked 
| 110|0x0000000086e00000, 0x0000000086e00000, 0x0000000086f00000|  0%| F|  |TAMS 0x0000000086e00000, 0x0000000086e00000| Untracked 
| 111|0x0000000086f00000, 0x0000000086f00000, 0x0000000087000000|  0%| F|  |TAMS 0x0000000086f00000, 0x0000000086f00000| Untracked 
| 112|0x0000000087000000, 0x0000000087000000, 0x0000000087100000|  0%| F|  |TAMS 0x0000000087000000, 0x0000000087000000| Untracked 
| 113|0x0000000087100000, 0x0000000087100000, 0x0000000087200000|  0%| F|  |TAMS 0x0000000087100000, 0x0000000087100000| Untracked 
| 114|0x0000000087200000, 0x0000000087200000, 0x0000000087300000|  0%| F|  |TAMS 0x0000000087200000, 0x0000000087200000| Untracked 
| 115|0x0000000087300000, 0x0000000087300000, 0x0000000087400000|  0%| F|  |TAMS 0x0000000087300000, 0x0000000087300000| Untracked 
| 116|0x0000000087400000, 0x0000000087400000, 0x0000000087500000|  0%| F|  |TAMS 0x0000000087400000, 0x0000000087400000| Untracked 
| 117|0x0000000087500000, 0x0000000087500000, 0x0000000087600000|  0%| F|  |TAMS 0x0000000087500000, 0x0000000087500000| Untracked 
| 118|0x0000000087600000, 0x0000000087600000, 0x0000000087700000|  0%| F|  |TAMS 0x0000000087600000, 0x0000000087600000| Untracked 
| 119|0x0000000087700000, 0x0000000087700000, 0x0000000087800000|  0%| F|  |TAMS 0x0000000087700000, 0x0000000087700000| Untracked 
| 120|0x0000000087800000, 0x0000000087800000, 0x0000000087900000|  0%| F|  |TAMS 0x0000000087800000, 0x0000000087800000| Untracked 
| 121|0x0000000087900000, 0x0000000087900000, 0x0000000087a00000|  0%| F|  |TAMS 0x0000000087900000, 0x0000000087900000| Untracked 
| 122|0x0000000087a00000, 0x0000000087a00000, 0x0000000087b00000|  0%| F|  |TAMS 0x0000000087a00000, 0x0000000087a00000| Untracked 
| 123|0x0000000087b00000, 0x0000000087b00000, 0x0000000087c00000|  0%| F|  |TAMS 0x0000000087b00000, 0x0000000087b00000| Untracked 
| 124|0x0000000087c00000, 0x0000000087c00000, 0x0000000087d00000|  0%| F|  |TAMS 0x0000000087c00000, 0x0000000087c00000| Untracked 
| 125|0x0000000087d00000, 0x0000000087d00000, 0x0000000087e00000|  0%| F|  |TAMS 0x0000000087d00000, 0x0000000087d00000| Untracked 
| 126|0x0000000087e00000, 0x0000000087e00000, 0x0000000087f00000|  0%| F|  |TAMS 0x0000000087e00000, 0x0000000087e00000| Untracked 
| 127|0x0000000087f00000, 0x0000000087f00000, 0x0000000088000000|  0%| F|  |TAMS 0x0000000087f00000, 0x0000000087f00000| Untracked 
| 128|0x0000000088000000, 0x0000000088000000, 0x0000000088100000|  0%| F|  |TAMS 0x0000000088000000, 0x0000000088000000| Untracked 
| 129|0x0000000088100000, 0x0000000088100000, 0x0000000088200000|  0%| F|  |TAMS 0x0000000088100000, 0x0000000088100000| Untracked 
| 130|0x0000000088200000, 0x0000000088200000, 0x0000000088300000|  0%| F|  |TAMS 0x0000000088200000, 0x0000000088200000| Untracked 
| 131|0x0000000088300000, 0x0000000088300000, 0x0000000088400000|  0%| F|  |TAMS 0x0000000088300000, 0x0000000088300000| Untracked 
| 132|0x0000000088400000, 0x0000000088400000, 0x0000000088500000|  0%| F|  |TAMS 0x0000000088400000, 0x0000000088400000| Untracked 
| 133|0x0000000088500000, 0x0000000088500000, 0x0000000088600000|  0%| F|  |TAMS 0x0000000088500000, 0x0000000088500000| Untracked 
| 134|0x0000000088600000, 0x0000000088600000, 0x0000000088700000|  0%| F|  |TAMS 0x0000000088600000, 0x0000000088600000| Untracked 
| 135|0x0000000088700000, 0x0000000088700000, 0x0000000088800000|  0%| F|  |TAMS 0x0000000088700000, 0x0000000088700000| Untracked 
| 136|0x0000000088800000, 0x0000000088800000, 0x0000000088900000|  0%| F|  |TAMS 0x0000000088800000, 0x0000000088800000| Untracked 
| 137|0x0000000088900000, 0x0000000088900000, 0x0000000088a00000|  0%| F|  |TAMS 0x0000000088900000, 0x0000000088900000| Untracked 
| 138|0x0000000088a00000, 0x0000000088a00000, 0x0000000088b00000|  0%| F|  |TAMS 0x0000000088a00000, 0x0000000088a00000| Untracked 
| 139|0x0000000088b00000, 0x0000000088b00000, 0x0000000088c00000|  0%| F|  |TAMS 0x0000000088b00000, 0x0000000088b00000| Untracked 
| 140|0x0000000088c00000, 0x0000000088c00000, 0x0000000088d00000|  0%| F|  |TAMS 0x0000000088c00000, 0x0000000088c00000| Untracked 
| 141|0x0000000088d00000, 0x0000000088d00000, 0x0000000088e00000|  0%| F|  |TAMS 0x0000000088d00000, 0x0000000088d00000| Untracked 
| 142|0x0000000088e00000, 0x0000000088e00000, 0x0000000088f00000|  0%| F|  |TAMS 0x0000000088e00000, 0x0000000088e00000| Untracked 
| 143|0x0000000088f00000, 0x0000000088f00000, 0x0000000089000000|  0%| F|  |TAMS 0x0000000088f00000, 0x0000000088f00000| Untracked 
| 144|0x0000000089000000, 0x0000000089000000, 0x0000000089100000|  0%| F|  |TAMS 0x0000000089000000, 0x0000000089000000| Untracked 
| 145|0x0000000089100000, 0x0000000089100000, 0x0000000089200000|  0%| F|  |TAMS 0x0000000089100000, 0x0000000089100000| Untracked 
| 146|0x0000000089200000, 0x0000000089200000, 0x0000000089300000|  0%| F|  |TAMS 0x0000000089200000, 0x0000000089200000| Untracked 
| 147|0x0000000089300000, 0x0000000089300000, 0x0000000089400000|  0%| F|  |TAMS 0x0000000089300000, 0x0000000089300000| Untracked 
| 148|0x0000000089400000, 0x0000000089400000, 0x0000000089500000|  0%| F|  |TAMS 0x0000000089400000, 0x0000000089400000| Untracked 
| 149|0x0000000089500000, 0x0000000089500000, 0x0000000089600000|  0%| F|  |TAMS 0x0000000089500000, 0x0000000089500000| Untracked 
| 150|0x0000000089600000, 0x0000000089600000, 0x0000000089700000|  0%| F|  |TAMS 0x0000000089600000, 0x0000000089600000| Untracked 
| 151|0x0000000089700000, 0x0000000089700000, 0x0000000089800000|  0%| F|  |TAMS 0x0000000089700000, 0x0000000089700000| Untracked 
| 152|0x0000000089800000, 0x0000000089800000, 0x0000000089900000|  0%| F|  |TAMS 0x0000000089800000, 0x0000000089800000| Untracked 
| 153|0x0000000089900000, 0x0000000089900000, 0x0000000089a00000|  0%| F|  |TAMS 0x0000000089900000, 0x0000000089900000| Untracked 
| 154|0x0000000089a00000, 0x0000000089a00000, 0x0000000089b00000|  0%| F|  |TAMS 0x0000000089a00000, 0x0000000089a00000| Untracked 
| 155|0x0000000089b00000, 0x0000000089b00000, 0x0000000089c00000|  0%| F|  |TAMS 0x0000000089b00000, 0x0000000089b00000| Untracked 
| 156|0x0000000089c00000, 0x0000000089c00000, 0x0000000089d00000|  0%| F|  |TAMS 0x0000000089c00000, 0x0000000089c00000| Untracked 
| 157|0x0000000089d00000, 0x0000000089d00000, 0x0000000089e00000|  0%| F|  |TAMS 0x0000000089d00000, 0x0000000089d00000| Untracked 
| 158|0x0000000089e00000, 0x0000000089e00000, 0x0000000089f00000|  0%| F|  |TAMS 0x0000000089e00000, 0x0000000089e00000| Untracked 
| 159|0x0000000089f00000, 0x0000000089f00000, 0x000000008a000000|  0%| F|  |TAMS 0x0000000089f00000, 0x0000000089f00000| Untracked 
| 160|0x000000008a000000, 0x000000008a000000, 0x000000008a100000|  0%| F|  |TAMS 0x000000008a000000, 0x000000008a000000| Untracked 
| 161|0x000000008a100000, 0x000000008a100000, 0x000000008a200000|  0%| F|  |TAMS 0x000000008a100000, 0x000000008a100000| Untracked 
| 162|0x000000008a200000, 0x000000008a200000, 0x000000008a300000|  0%| F|  |TAMS 0x000000008a200000, 0x000000008a200000| Untracked 
| 163|0x000000008a300000, 0x000000008a300000, 0x000000008a400000|  0%| F|  |TAMS 0x000000008a300000, 0x000000008a300000| Untracked 
| 164|0x000000008a400000, 0x000000008a400000, 0x000000008a500000|  0%| F|  |TAMS 0x000000008a400000, 0x000000008a400000| Untracked 
| 165|0x000000008a500000, 0x000000008a500000, 0x000000008a600000|  0%| F|  |TAMS 0x000000008a500000, 0x000000008a500000| Untracked 
| 166|0x000000008a600000, 0x000000008a600000, 0x000000008a700000|  0%| F|  |TAMS 0x000000008a600000, 0x000000008a600000| Untracked 
| 167|0x000000008a700000, 0x000000008a700000, 0x000000008a800000|  0%| F|  |TAMS 0x000000008a700000, 0x000000008a700000| Untracked 
| 168|0x000000008a800000, 0x000000008a800000, 0x000000008a900000|  0%| F|  |TAMS 0x000000008a800000, 0x000000008a800000| Untracked 
| 169|0x000000008a900000, 0x000000008a900000, 0x000000008aa00000|  0%| F|  |TAMS 0x000000008a900000, 0x000000008a900000| Untracked 
| 170|0x000000008aa00000, 0x000000008aa00000, 0x000000008ab00000|  0%| F|  |TAMS 0x000000008aa00000, 0x000000008aa00000| Untracked 
| 171|0x000000008ab00000, 0x000000008ab00000, 0x000000008ac00000|  0%| F|  |TAMS 0x000000008ab00000, 0x000000008ab00000| Untracked 
| 172|0x000000008ac00000, 0x000000008ac00000, 0x000000008ad00000|  0%| F|  |TAMS 0x000000008ac00000, 0x000000008ac00000| Untracked 
| 173|0x000000008ad00000, 0x000000008ad00000, 0x000000008ae00000|  0%| F|  |TAMS 0x000000008ad00000, 0x000000008ad00000| Untracked 
| 174|0x000000008ae00000, 0x000000008ae00000, 0x000000008af00000|  0%| F|  |TAMS 0x000000008ae00000, 0x000000008ae00000| Untracked 
| 175|0x000000008af00000, 0x000000008af00000, 0x000000008b000000|  0%| F|  |TAMS 0x000000008af00000, 0x000000008af00000| Untracked 
| 176|0x000000008b000000, 0x000000008b000000, 0x000000008b100000|  0%| F|  |TAMS 0x000000008b000000, 0x000000008b000000| Untracked 
| 177|0x000000008b100000, 0x000000008b100000, 0x000000008b200000|  0%| F|  |TAMS 0x000000008b100000, 0x000000008b100000| Untracked 
| 178|0x000000008b200000, 0x000000008b200000, 0x000000008b300000|  0%| F|  |TAMS 0x000000008b200000, 0x000000008b200000| Untracked 
| 179|0x000000008b300000, 0x000000008b300000, 0x000000008b400000|  0%| F|  |TAMS 0x000000008b300000, 0x000000008b300000| Untracked 
| 180|0x000000008b400000, 0x000000008b400000, 0x000000008b500000|  0%| F|  |TAMS 0x000000008b400000, 0x000000008b400000| Untracked 
| 181|0x000000008b500000, 0x000000008b500000, 0x000000008b600000|  0%| F|  |TAMS 0x000000008b500000, 0x000000008b500000| Untracked 
| 182|0x000000008b600000, 0x000000008b600000, 0x000000008b700000|  0%| F|  |TAMS 0x000000008b600000, 0x000000008b600000| Untracked 
| 183|0x000000008b700000, 0x000000008b700000, 0x000000008b800000|  0%| F|  |TAMS 0x000000008b700000, 0x000000008b700000| Untracked 
| 184|0x000000008b800000, 0x000000008b8816d0, 0x000000008b900000| 50%| S|CS|TAMS 0x000000008b800000, 0x000000008b800000| Complete 
| 185|0x000000008b900000, 0x000000008ba00000, 0x000000008ba00000|100%| S|CS|TAMS 0x000000008b900000, 0x000000008b900000| Complete 
| 186|0x000000008ba00000, 0x000000008bb00000, 0x000000008bb00000|100%| S|CS|TAMS 0x000000008ba00000, 0x000000008ba00000| Complete 
| 187|0x000000008bb00000, 0x000000008bb00000, 0x000000008bc00000|  0%| F|  |TAMS 0x000000008bb00000, 0x000000008bb00000| Untracked 
| 188|0x000000008bc00000, 0x000000008bc00000, 0x000000008bd00000|  0%| F|  |TAMS 0x000000008bc00000, 0x000000008bc00000| Untracked 
| 189|0x000000008bd00000, 0x000000008bd00000, 0x000000008be00000|  0%| F|  |TAMS 0x000000008bd00000, 0x000000008bd00000| Untracked 
| 190|0x000000008be00000, 0x000000008be00000, 0x000000008bf00000|  0%| F|  |TAMS 0x000000008be00000, 0x000000008be00000| Untracked 
| 191|0x000000008bf00000, 0x000000008bf00000, 0x000000008c000000|  0%| F|  |TAMS 0x000000008bf00000, 0x000000008bf00000| Untracked 
| 192|0x000000008c000000, 0x000000008c000000, 0x000000008c100000|  0%| F|  |TAMS 0x000000008c000000, 0x000000008c000000| Untracked 
| 193|0x000000008c100000, 0x000000008c100000, 0x000000008c200000|  0%| F|  |TAMS 0x000000008c100000, 0x000000008c100000| Untracked 
| 194|0x000000008c200000, 0x000000008c200000, 0x000000008c300000|  0%| F|  |TAMS 0x000000008c200000, 0x000000008c200000| Untracked 
| 195|0x000000008c300000, 0x000000008c300000, 0x000000008c400000|  0%| F|  |TAMS 0x000000008c300000, 0x000000008c300000| Untracked 
| 196|0x000000008c400000, 0x000000008c400000, 0x000000008c500000|  0%| F|  |TAMS 0x000000008c400000, 0x000000008c400000| Untracked 
| 197|0x000000008c500000, 0x000000008c500000, 0x000000008c600000|  0%| F|  |TAMS 0x000000008c500000, 0x000000008c500000| Untracked 
| 198|0x000000008c600000, 0x000000008c600000, 0x000000008c700000|  0%| F|  |TAMS 0x000000008c600000, 0x000000008c600000| Untracked 
| 199|0x000000008c700000, 0x000000008c700000, 0x000000008c800000|  0%| F|  |TAMS 0x000000008c700000, 0x000000008c700000| Untracked 
| 200|0x000000008c800000, 0x000000008c800000, 0x000000008c900000|  0%| F|  |TAMS 0x000000008c800000, 0x000000008c800000| Untracked 
| 201|0x000000008c900000, 0x000000008c900000, 0x000000008ca00000|  0%| F|  |TAMS 0x000000008c900000, 0x000000008c900000| Untracked 
| 202|0x000000008ca00000, 0x000000008ca00000, 0x000000008cb00000|  0%| F|  |TAMS 0x000000008ca00000, 0x000000008ca00000| Untracked 
| 203|0x000000008cb00000, 0x000000008cb00000, 0x000000008cc00000|  0%| F|  |TAMS 0x000000008cb00000, 0x000000008cb00000| Untracked 
| 204|0x000000008cc00000, 0x000000008cd00000, 0x000000008cd00000|100%| E|  |TAMS 0x000000008cc00000, 0x000000008cc00000| Complete 
| 205|0x000000008cd00000, 0x000000008ce00000, 0x000000008ce00000|100%| E|CS|TAMS 0x000000008cd00000, 0x000000008cd00000| Complete 
| 206|0x000000008ce00000, 0x000000008cf00000, 0x000000008cf00000|100%| E|CS|TAMS 0x000000008ce00000, 0x000000008ce00000| Complete 
| 207|0x000000008cf00000, 0x000000008d000000, 0x000000008d000000|100%| E|CS|TAMS 0x000000008cf00000, 0x000000008cf00000| Complete 
| 208|0x000000008d000000, 0x000000008d100000, 0x000000008d100000|100%| E|CS|TAMS 0x000000008d000000, 0x000000008d000000| Complete 
| 209|0x000000008d100000, 0x000000008d200000, 0x000000008d200000|100%| E|CS|TAMS 0x000000008d100000, 0x000000008d100000| Complete 
| 210|0x000000008d200000, 0x000000008d300000, 0x000000008d300000|100%| E|CS|TAMS 0x000000008d200000, 0x000000008d200000| Complete 
| 211|0x000000008d300000, 0x000000008d400000, 0x000000008d400000|100%| E|CS|TAMS 0x000000008d300000, 0x000000008d300000| Complete 
| 212|0x000000008d400000, 0x000000008d500000, 0x000000008d500000|100%| E|CS|TAMS 0x000000008d400000, 0x000000008d400000| Complete 
| 213|0x000000008d500000, 0x000000008d600000, 0x000000008d600000|100%| E|CS|TAMS 0x000000008d500000, 0x000000008d500000| Complete 
| 214|0x000000008d600000, 0x000000008d700000, 0x000000008d700000|100%| E|CS|TAMS 0x000000008d600000, 0x000000008d600000| Complete 
| 215|0x000000008d700000, 0x000000008d800000, 0x000000008d800000|100%| E|CS|TAMS 0x000000008d700000, 0x000000008d700000| Complete 
| 216|0x000000008d800000, 0x000000008d900000, 0x000000008d900000|100%| E|CS|TAMS 0x000000008d800000, 0x000000008d800000| Complete 
| 217|0x000000008d900000, 0x000000008da00000, 0x000000008da00000|100%| E|CS|TAMS 0x000000008d900000, 0x000000008d900000| Complete 
| 218|0x000000008da00000, 0x000000008db00000, 0x000000008db00000|100%| E|CS|TAMS 0x000000008da00000, 0x000000008da00000| Complete 
| 219|0x000000008db00000, 0x000000008dc00000, 0x000000008dc00000|100%| E|CS|TAMS 0x000000008db00000, 0x000000008db00000| Complete 
| 220|0x000000008dc00000, 0x000000008dd00000, 0x000000008dd00000|100%| E|CS|TAMS 0x000000008dc00000, 0x000000008dc00000| Complete 
| 221|0x000000008dd00000, 0x000000008de00000, 0x000000008de00000|100%| E|CS|TAMS 0x000000008dd00000, 0x000000008dd00000| Complete 
| 222|0x000000008de00000, 0x000000008df00000, 0x000000008df00000|100%| E|CS|TAMS 0x000000008de00000, 0x000000008de00000| Complete 
| 223|0x000000008df00000, 0x000000008e000000, 0x000000008e000000|100%| E|CS|TAMS 0x000000008df00000, 0x000000008df00000| Complete 
| 224|0x000000008e000000, 0x000000008e100000, 0x000000008e100000|100%| E|CS|TAMS 0x000000008e000000, 0x000000008e000000| Complete 
| 225|0x000000008e100000, 0x000000008e200000, 0x000000008e200000|100%| E|CS|TAMS 0x000000008e100000, 0x000000008e100000| Complete 
| 226|0x000000008e200000, 0x000000008e300000, 0x000000008e300000|100%| E|CS|TAMS 0x000000008e200000, 0x000000008e200000| Complete 
| 227|0x000000008e300000, 0x000000008e400000, 0x000000008e400000|100%| E|CS|TAMS 0x000000008e300000, 0x000000008e300000| Complete 
| 228|0x000000008e400000, 0x000000008e500000, 0x000000008e500000|100%| E|CS|TAMS 0x000000008e400000, 0x000000008e400000| Complete 
| 229|0x000000008e500000, 0x000000008e600000, 0x000000008e600000|100%| E|CS|TAMS 0x000000008e500000, 0x000000008e500000| Complete 
| 230|0x000000008e600000, 0x000000008e700000, 0x000000008e700000|100%| E|CS|TAMS 0x000000008e600000, 0x000000008e600000| Complete 
| 231|0x000000008e700000, 0x000000008e800000, 0x000000008e800000|100%| E|CS|TAMS 0x000000008e700000, 0x000000008e700000| Complete 
| 232|0x000000008e800000, 0x000000008e900000, 0x000000008e900000|100%| E|CS|TAMS 0x000000008e800000, 0x000000008e800000| Complete 
| 233|0x000000008e900000, 0x000000008ea00000, 0x000000008ea00000|100%| E|CS|TAMS 0x000000008e900000, 0x000000008e900000| Complete 
| 234|0x000000008ea00000, 0x000000008eb00000, 0x000000008eb00000|100%| E|CS|TAMS 0x000000008ea00000, 0x000000008ea00000| Complete 
| 235|0x000000008eb00000, 0x000000008ec00000, 0x000000008ec00000|100%| E|CS|TAMS 0x000000008eb00000, 0x000000008eb00000| Complete 
| 236|0x000000008ec00000, 0x000000008ed00000, 0x000000008ed00000|100%| E|CS|TAMS 0x000000008ec00000, 0x000000008ec00000| Complete 
| 237|0x000000008ed00000, 0x000000008ee00000, 0x000000008ee00000|100%| E|CS|TAMS 0x000000008ed00000, 0x000000008ed00000| Complete 
| 238|0x000000008ee00000, 0x000000008ef00000, 0x000000008ef00000|100%| E|CS|TAMS 0x000000008ee00000, 0x000000008ee00000| Complete 
| 239|0x000000008ef00000, 0x000000008f000000, 0x000000008f000000|100%| E|CS|TAMS 0x000000008ef00000, 0x000000008ef00000| Complete 
| 240|0x000000008f000000, 0x000000008f100000, 0x000000008f100000|100%| E|CS|TAMS 0x000000008f000000, 0x000000008f000000| Complete 
| 241|0x000000008f100000, 0x000000008f200000, 0x000000008f200000|100%| E|CS|TAMS 0x000000008f100000, 0x000000008f100000| Complete 
| 242|0x000000008f200000, 0x000000008f300000, 0x000000008f300000|100%| E|CS|TAMS 0x000000008f200000, 0x000000008f200000| Complete 
| 243|0x000000008f300000, 0x000000008f400000, 0x000000008f400000|100%| E|CS|TAMS 0x000000008f300000, 0x000000008f300000| Complete 
| 244|0x000000008f400000, 0x000000008f500000, 0x000000008f500000|100%| E|CS|TAMS 0x000000008f400000, 0x000000008f400000| Complete 
| 245|0x000000008f500000, 0x000000008f600000, 0x000000008f600000|100%| E|CS|TAMS 0x000000008f500000, 0x000000008f500000| Complete 

Card table byte_map: [0x000001537d130000,0x000001537d530000] _byte_map_base: 0x000001537cd30000

Marking Bits (Prev, Next): (CMBitMap*) 0x00000153787ffb50, (CMBitMap*) 0x00000153787ffb18
 Prev Bits: [0x000001530f000000, 0x0000015311000000)
 Next Bits: [0x000001537d930000, 0x000001537f930000)

Polling page: 0x0000015376f50000

Metaspace:

Usage:
  Non-class:     27.37 MB capacity,    26.90 MB ( 98%) used,   414.41 KB (  1%) free+waste,    67.13 KB ( <1%) overhead. 
      Class:      4.37 MB capacity,     4.10 MB ( 94%) used,   247.95 KB (  6%) free+waste,    33.50 KB ( <1%) overhead. 
       Both:     31.74 MB capacity,    30.99 MB ( 98%) used,   662.36 KB (  2%) free+waste,   100.63 KB ( <1%) overhead. 

Virtual space:
  Non-class space:       28.00 MB reserved,      27.50 MB ( 98%) committed 
      Class space:        1.00 GB reserved,       4.38 MB ( <1%) committed 
             Both:        1.03 GB reserved,      31.88 MB (  3%) committed 

Chunk freelists:
   Non-Class:  9.00 KB
       Class:  5.00 KB
        Both:  14.00 KB

MaxMetaspaceSize: 17179869184.00 GB
CompressedClassSpaceSize: 1.00 GB
Initial GC threshold: 20.80 MB
Current GC threshold: 35.00 MB
CDS: off

CodeHeap 'non-profiled nmethods': size=120000Kb used=1372Kb max_used=1372Kb free=118628Kb
 bounds [0x0000015307ad0000, 0x0000015307d40000, 0x000001530f000000]
CodeHeap 'profiled nmethods': size=120000Kb used=5592Kb max_used=5592Kb free=114407Kb
 bounds [0x00000153005a0000, 0x0000015300b20000, 0x0000015307ad0000]
CodeHeap 'non-nmethods': size=5760Kb used=1239Kb max_used=1287Kb free=4520Kb
 bounds [0x0000015300000000, 0x0000015300270000, 0x00000153005a0000]
 total_blobs=3152 nmethods=2641 adapters=423
 compilation: enabled
              stopped_count=0, restarted_count=0
 full_count=0

Compilation events (20 events):
Event: 2.575 Thread 0x0000015313ddd800 2616       3       org.codehaus.groovy.util.ManagedReference::<init> (14 bytes)
Event: 2.576 Thread 0x0000015313ddd800 nmethod 2616 0x0000015300b07e10 code [0x0000015300b07fe0, 0x0000015300b08168]
Event: 2.576 Thread 0x0000015313ddd800 2617       3       org.codehaus.groovy.util.ReferenceManager$1::afterReferenceCreation (57 bytes)
Event: 2.576 Thread 0x0000015313ddd800 nmethod 2617 0x0000015300b08290 code [0x0000015300b08480, 0x0000015300b08898]
Event: 2.576 Thread 0x0000015313ddd800 2619       3       java.lang.PublicMethods$MethodList::filter (104 bytes)
Event: 2.577 Thread 0x0000015313ddd800 nmethod 2619 0x0000015300b08a10 code [0x0000015300b08c80, 0x0000015300b097f8]
Event: 2.577 Thread 0x0000015313ddd800 2618       3       java.lang.Class::getMethodsRecursive (99 bytes)
Event: 2.578 Thread 0x0000015313ddd800 nmethod 2618 0x0000015300b09d10 code [0x0000015300b09f40, 0x0000015300b0a4c8]
Event: 2.578 Thread 0x0000015313ddd800 2620       3       org.codehaus.groovy.util.LockableObject::lock (25 bytes)
Event: 2.578 Thread 0x0000015313ddd800 nmethod 2620 0x0000015300b0a810 code [0x0000015300b0aa80, 0x0000015300b0b478]
Event: 2.578 Thread 0x0000015313ddd800 2621       3       org.codehaus.groovy.util.LockableObject::unlock (7 bytes)
Event: 2.578 Thread 0x0000015313ddd800 nmethod 2621 0x0000015300b0b810 code [0x0000015300b0b9e0, 0x0000015300b0bcf8]
Event: 2.578 Thread 0x0000015313ddd800 2622       3       java.lang.ClassValue$Entry::version (8 bytes)
Event: 2.579 Thread 0x0000015313ddd800 nmethod 2622 0x0000015300b0be10 code [0x0000015300b0bfc0, 0x0000015300b0c258]
Event: 2.579 Thread 0x0000015313ddd800 2623       3       java.util.concurrent.atomic.AtomicInteger::<init> (5 bytes)
Event: 2.579 Thread 0x0000015313ddd800 nmethod 2623 0x0000015300b0c310 code [0x0000015300b0c4c0, 0x0000015300b0c678]
Event: 2.579 Thread 0x0000015313ddd800 2624       3       java.lang.Class::getMethod (59 bytes)
Event: 2.580 Thread 0x0000015313ddd800 nmethod 2624 0x0000015300b0c790 code [0x0000015300b0ca60, 0x0000015300b0d688]
Event: 2.580 Thread 0x0000015313ddd800 2625       3       java.lang.Class::getMethod0 (31 bytes)
Event: 2.580 Thread 0x0000015313ddd800 nmethod 2625 0x0000015300b0db10 code [0x0000015300b0dce0, 0x0000015300b0def8]

GC Heap History (6 events):
Event: 0.443 GC heap before
{Heap before GC invocations=0 (full 0):
 garbage-first heap   total 251904K, used 29696K [0x0000000080000000, 0x0000000100000000)
  region size 1024K, 24 young (24576K), 0 survivors (0K)
 Metaspace       used 10194K, capacity 10429K, committed 10624K, reserved 1058816K
  class space    used 1064K, capacity 1139K, committed 1152K, reserved 1048576K
}
Event: 0.447 GC heap after
{Heap after GC invocations=1 (full 0):
 garbage-first heap   total 251904K, used 9857K [0x0000000080000000, 0x0000000100000000)
  region size 1024K, 3 young (3072K), 3 survivors (3072K)
 Metaspace       used 10194K, capacity 10429K, committed 10624K, reserved 1058816K
  class space    used 1064K, capacity 1139K, committed 1152K, reserved 1048576K
}
Event: 1.508 GC heap before
{Heap before GC invocations=1 (full 0):
 garbage-first heap   total 251904K, used 105089K [0x0000000080000000, 0x0000000100000000)
  region size 1024K, 97 young (99328K), 3 survivors (3072K)
 Metaspace       used 20531K, capacity 21096K, committed 21248K, reserved 1067008K
  class space    used 2501K, capacity 2690K, committed 2816K, reserved 1048576K
}
Event: 1.516 GC heap after
{Heap after GC invocations=2 (full 0):
 garbage-first heap   total 251904K, used 17289K [0x0000000080000000, 0x0000000100000000)
  region size 1024K, 11 young (11264K), 11 survivors (11264K)
 Metaspace       used 20531K, capacity 21096K, committed 21248K, reserved 1067008K
  class space    used 2501K, capacity 2690K, committed 2816K, reserved 1048576K
}
Event: 2.188 GC heap before
{Heap before GC invocations=3 (full 0):
 garbage-first heap   total 251904K, used 77705K [0x0000000080000000, 0x0000000100000000)
  region size 1024K, 70 young (71680K), 11 survivors (11264K)
 Metaspace       used 26353K, capacity 27078K, committed 27264K, reserved 1073152K
  class space    used 3466K, capacity 3712K, committed 3712K, reserved 1048576K
}
Event: 2.194 GC heap after
{Heap after GC invocations=4 (full 0):
 garbage-first heap   total 251904K, used 19677K [0x0000000080000000, 0x0000000100000000)
  region size 1024K, 3 young (3072K), 3 survivors (3072K)
 Metaspace       used 26353K, capacity 27078K, committed 27264K, reserved 1073152K
  class space    used 3466K, capacity 3712K, committed 3712K, reserved 1048576K
}

Deoptimization events (20 events):
Event: 2.071 Thread 0x0000015315ece000 Uncommon trap: trap_request=0xffffffde fr.pc=0x0000015307bbeb60 relative=0x0000000000000320
Event: 2.071 Thread 0x0000015315ece000 Uncommon trap: reason=class_check action=maybe_recompile pc=0x0000015307bbeb60 method=java.util.Collections$SetFromMap.remove(Ljava/lang/Object;)Z @ 5 c2
Event: 2.071 Thread 0x0000015315ece000 DEOPT PACKING pc=0x0000015307bbeb60 sp=0x0000003f3ebfc8f0
Event: 2.071 Thread 0x0000015315ece000 DEOPT UNPACKING pc=0x000001530004a1af sp=0x0000003f3ebfc8d8 mode 2
Event: 2.268 Thread 0x0000015315ece000 Uncommon trap: trap_request=0xffffff4d fr.pc=0x0000015307be444c relative=0x000000000000020c
Event: 2.268 Thread 0x0000015315ece000 Uncommon trap: reason=unstable_if action=reinterpret pc=0x0000015307be444c method=java.util.HashMap.hash(Ljava/lang/Object;)I @ 1 c2
Event: 2.268 Thread 0x0000015315ece000 DEOPT PACKING pc=0x0000015307be444c sp=0x0000003f3ebf96e0
Event: 2.268 Thread 0x0000015315ece000 DEOPT UNPACKING pc=0x000001530004a1af sp=0x0000003f3ebf9618 mode 2
Event: 2.269 Thread 0x0000015315ece000 Uncommon trap: trap_request=0xffffff4d fr.pc=0x0000015307bc362c relative=0x000000000000008c
Event: 2.269 Thread 0x0000015315ece000 Uncommon trap: reason=unstable_if action=reinterpret pc=0x0000015307bc362c method=java.util.HashMap.hash(Ljava/lang/Object;)I @ 1 c2
Event: 2.269 Thread 0x0000015315ece000 DEOPT PACKING pc=0x0000015307bc362c sp=0x0000003f3ebf9460
Event: 2.269 Thread 0x0000015315ece000 DEOPT UNPACKING pc=0x000001530004a1af sp=0x0000003f3ebf93f8 mode 2
Event: 2.433 Thread 0x0000015315ece000 Uncommon trap: trap_request=0xffffff4d fr.pc=0x0000015307c093e4 relative=0x00000000000001a4
Event: 2.433 Thread 0x0000015315ece000 Uncommon trap: reason=unstable_if action=reinterpret pc=0x0000015307c093e4 method=java.util.regex.Pattern$BmpCharProperty.match(Ljava/util/regex/Matcher;ILjava/lang/CharSequence;)Z @ 39 c2
Event: 2.433 Thread 0x0000015315ece000 DEOPT PACKING pc=0x0000015307c093e4 sp=0x0000003f3ebfa070
Event: 2.433 Thread 0x0000015315ece000 DEOPT UNPACKING pc=0x000001530004a1af sp=0x0000003f3ebfa020 mode 2
Event: 2.463 Thread 0x0000015315ece000 Uncommon trap: trap_request=0xffffff4d fr.pc=0x0000015307bd00d8 relative=0x00000000000006d8
Event: 2.463 Thread 0x0000015315ece000 Uncommon trap: reason=unstable_if action=reinterpret pc=0x0000015307bd00d8 method=java.util.HashMap.putVal(ILjava/lang/Object;Ljava/lang/Object;ZZ)Ljava/lang/Object; @ 162 c2
Event: 2.463 Thread 0x0000015315ece000 DEOPT PACKING pc=0x0000015307bd00d8 sp=0x0000003f3ebfb130
Event: 2.463 Thread 0x0000015315ece000 DEOPT UNPACKING pc=0x000001530004a1af sp=0x0000003f3ebfb040 mode 2

Classes redefined (0 events):
No events

Internal exceptions (20 events):
Event: 1.889 Thread 0x0000015315ece000 Exception <a 'java/lang/NoSuchMethodError'{0x000000008db2e710}: 'void java.lang.invoke.DirectMethodHandle$Holder.invokeSpecial(java.lang.Object, java.lang.Object, java.lang.Object, java.lang.Object, java.lang.Object, java.lang.Object, java.lang.Object)'> (0x000000008db2e710) thrown at [./src/hotspot/share/interpreter/linkResolver.cpp, line 773]
Event: 1.889 Thread 0x0000015315ece000 Exception <a 'java/lang/NoSuchMethodError'{0x000000008db36958}: 'java.lang.Object java.lang.invoke.Invokers$Holder.linkToTargetMethod(java.lang.Object, java.lang.Object, java.lang.Object, java.lang.Object, java.lang.Object, java.lang.Object)'> (0x000000008db36958) thrown at [./src/hotspot/share/interpreter/linkResolver.cpp, line 773]
Event: 1.999 Thread 0x0000015315ece000 Exception <a 'java/lang/NoSuchMethodError'{0x000000008ce97cd8}: 'void java.lang.invoke.DirectMethodHandle$Holder.invokeStaticInit(java.lang.Object, java.lang.Object)'> (0x000000008ce97cd8) thrown at [./src/hotspot/share/interpreter/linkResolver.cpp, line 773]
Event: 2.066 Thread 0x0000015315ece000 Exception <a 'java/lang/NoSuchMethodError'{0x000000008c8c99c8}: 'void java.lang.invoke.DirectMethodHandle$Holder.invokeStatic(java.lang.Object, java.lang.Object, java.lang.Object, java.lang.Object)'> (0x000000008c8c99c8) thrown at [./src/hotspot/share/interpreter/linkResolver.cpp, line 773]
Event: 2.067 Thread 0x0000015315ece000 Exception <a 'java/lang/NoSuchMethodError'{0x000000008c8dd428}: 'int java.lang.invoke.DirectMethodHandle$Holder.invokeInterface(java.lang.Object, java.lang.Object)'> (0x000000008c8dd428) thrown at [./src/hotspot/share/interpreter/linkResolver.cpp, line 773]
Event: 2.177 Thread 0x0000015315ece000 Exception <a 'java/lang/NoSuchMethodError'{0x000000008bc52378}: 'java.lang.Object java.lang.invoke.DirectMethodHandle$Holder.invokeSpecialIFC(java.lang.Object, java.lang.Object, java.lang.Object, java.lang.Object)'> (0x000000008bc52378) thrown at [./src/hotspot/share/interpreter/linkResolver.cpp, line 773]
Event: 2.184 Thread 0x0000015315ece000 Exception <a 'java/lang/NoSuchMethodError'{0x000000008bb68cd8}: 'java.lang.Object java.lang.invoke.DirectMethodHandle$Holder.invokeSpecial(java.lang.Object, java.lang.Object, java.lang.Object, java.lang.Object, java.lang.Object, java.lang.Object, java.lang.Object, java.lang.Object, java.lang.Object, java.lang.Object, java.lang.Object, java.lang.Object, java.lang.Object)'> (0x000000008bb68cd8) thrown at [./src/hotspot/share/interpreter/linkResolver.cpp, line 773]
Event: 2.184 Thread 0x0000015315ece000 Exception <a 'java/lang/NoSuchMethodError'{0x000000008bb7a618}: 'java.lang.Object java.lang.invoke.DirectMethodHandle$Holder.invokeSpecial(java.lang.Object, java.lang.Object, java.lang.Object, java.lang.Object, java.lang.Object, java.lang.Object, java.lang.Object, java.lang.Object, java.lang.Object, java.lang.Object, java.lang.Object, java.lang.Object)'> (0x000000008bb7a618) thrown at [./src/hotspot/share/interpreter/linkResolver.cpp, line 773]
Event: 2.185 Thread 0x0000015315ece000 Exception <a 'java/lang/NoSuchMethodError'{0x000000008bb7f740}: 'java.lang.Object java.lang.invoke.Invokers$Holder.linkToTargetMethod(java.lang.Object, java.lang.Object, java.lang.Object, java.lang.Object, java.lang.Object, java.lang.Object, java.lang.Object, java.lang.Object, java.lang.Object, java.lang.Object, java.lang.Object)'> (0x000000008bb7f740) thrown at [./src/hotspot/share/interpreter/linkResolver.cpp, line 773]
Event: 2.201 Thread 0x0000015315ece000 Exception <a 'java/lang/NoSuchMethodError'{0x000000008f5e9de0}: 'java.lang.Object java.lang.invoke.DirectMethodHandle$Holder.invokeSpecial(java.lang.Object, java.lang.Object, java.lang.Object, java.lang.Object, java.lang.Object, java.lang.Object, java.lang.Object, java.lang.Object, java.lang.Object, java.lang.Object, java.lang.Object, java.lang.Object, java.lang.Object, java.lang.Object)'> (0x000000008f5e9de0) thrown at [./src/hotspot/share/interpreter/linkResolver.cpp, line 773]
Event: 2.202 Thread 0x0000015315ece000 Exception <a 'java/lang/NoSuchMethodError'{0x000000008f5fb4a0}: 'java.lang.Object java.lang.invoke.Invokers$Holder.linkToTargetMethod(java.lang.Object, java.lang.Object, java.lang.Object, java.lang.Object, java.lang.Object, java.lang.Object, java.lang.Object, java.lang.Object, java.lang.Object, java.lang.Object, java.lang.Object, java.lang.Object)'> (0x000000008f5fb4a0) thrown at [./src/hotspot/share/interpreter/linkResolver.cpp, line 773]
Event: 2.206 Thread 0x0000015315ece000 Exception <a 'java/lang/NoSuchMethodError'{0x000000008f4900b0}: 'java.lang.Object java.lang.invoke.DirectMethodHandle$Holder.invokeStaticInit(java.lang.Object, java.lang.Object, java.lang.Object, java.lang.Object)'> (0x000000008f4900b0) thrown at [./src/hotspot/share/interpreter/linkResolver.cpp, line 773]
Event: 2.268 Thread 0x0000015315ece000 Implicit null exception at 0x0000015307be4275 to 0x0000015307be443c
Event: 2.269 Thread 0x0000015315ece000 Implicit null exception at 0x0000015307bc35af to 0x0000015307bc361d
Event: 2.539 Thread 0x0000015315ece000 Exception <a 'java/lang/NoSuchMethodError'{0x000000008cf2adf0}: 'void java.lang.invoke.DirectMethodHandle$Holder.invokeStaticInit(java.lang.Object, java.lang.Object, java.lang.Object)'> (0x000000008cf2adf0) thrown at [./src/hotspot/share/interpreter/linkResolver.cpp, line 773]
Event: 2.540 Thread 0x0000015315ece000 Exception <a 'java/lang/NoSuchMethodError'{0x000000008cf31bc8}: 'void java.lang.invoke.DirectMethodHandle$Holder.invokeStaticInit(java.lang.Object, java.lang.Object, java.lang.Object, java.lang.Object)'> (0x000000008cf31bc8) thrown at [./src/hotspot/share/interpreter/linkResolver.cpp, line 773]
Event: 2.542 Thread 0x0000015315ece000 Exception <a 'java/lang/NoSuchMethodError'{0x000000008cf54220}: 'void java.lang.invoke.DirectMethodHandle$Holder.invokeStaticInit(java.lang.Object, java.lang.Object, java.lang.Object, java.lang.Object, java.lang.Object)'> (0x000000008cf54220) thrown at [./src/hotspot/share/interpreter/linkResolver.cpp, line 773]
Event: 2.543 Thread 0x0000015315ece000 Exception <a 'java/lang/NoSuchMethodError'{0x000000008cf5b930}: 'int java.lang.invoke.DirectMethodHandle$Holder.invokeStaticInit(java.lang.Object, java.lang.Object, java.lang.Object)'> (0x000000008cf5b930) thrown at [./src/hotspot/share/interpreter/linkResolver.cpp, line 773]
Event: 2.567 Thread 0x0000015315ece000 Exception <a 'java/lang/NoSuchMethodError'{0x000000008cfba540}: 'int java.lang.invoke.DirectMethodHandle$Holder.invokeStaticInit(java.lang.Object, java.lang.Object, java.lang.Object, java.lang.Object)'> (0x000000008cfba540) thrown at [./src/hotspot/share/interpreter/linkResolver.cpp, line 773]
Event: 2.568 Thread 0x0000015315ece000 Exception <a 'java/lang/IncompatibleClassChangeError'{0x000000008cfc3aa0}: Found class java.lang.Object, but interface was expected> (0x000000008cfc3aa0) thrown at [./src/hotspot/share/interpreter/linkResolver.cpp, line 839]

Events (20 events):
Event: 2.573 loading class java/lang/ClassFormatError
Event: 2.573 loading class java/lang/ClassFormatError done
Event: 2.576 loading class java/lang/ProcessHandle$Info
Event: 2.576 loading class java/lang/ProcessHandle$Info done
Event: 2.576 loading class java/util/concurrent/CompletableFuture
Event: 2.577 loading class java/util/concurrent/CompletionStage
Event: 2.577 loading class java/util/concurrent/CompletionStage done
Event: 2.577 loading class java/util/concurrent/CompletableFuture done
Event: 2.577 loading class java/lang/ProcessHandle
Event: 2.577 loading class java/lang/ProcessHandle done
Event: 2.578 loading class groovy/lang/GString$1
Event: 2.578 loading class groovy/lang/GString$1 done
Event: 2.578 loading class groovy/lang/StringWriterIOException
Event: 2.578 loading class groovy/lang/StringWriterIOException done
Event: 2.578 loading class org/codehaus/groovy/runtime/GStringImpl
Event: 2.578 loading class org/codehaus/groovy/runtime/GStringImpl done
Event: 2.578 loading class java/io/UnsupportedEncodingException
Event: 2.578 loading class java/io/UnsupportedEncodingException done
Event: 2.579 loading class org/codehaus/groovy/runtime/DefaultGroovyMethods
Event: 2.579 loading class org/codehaus/groovy/runtime/DefaultGroovyMethods done


Dynamic libraries:
0x00007ff7b4d70000 - 0x00007ff7b4d7a000 	C:\Program Files\Android\Android Studio\jre\bin\java.exe
0x00007ffd93290000 - 0x00007ffd93484000 	C:\Windows\SYSTEM32\ntdll.dll
0x00007ffd913d0000 - 0x00007ffd9148d000 	C:\Windows\System32\KERNEL32.DLL
0x00007ffd90d20000 - 0x00007ffd90fe7000 	C:\Windows\System32\KERNELBASE.dll
0x00007ffd90b10000 - 0x00007ffd90c10000 	C:\Windows\System32\ucrtbase.dll
0x00007ffd7bc20000 - 0x00007ffd7bc39000 	C:\Program Files\Android\Android Studio\jre\bin\jli.dll
0x00007ffd79b20000 - 0x00007ffd79b37000 	C:\Program Files\Android\Android Studio\jre\bin\VCRUNTIME140.dll
0x00007ffd91e40000 - 0x00007ffd91fe0000 	C:\Windows\System32\USER32.dll
0x00007ffd7c380000 - 0x00007ffd7c61a000 	C:\Windows\WinSxS\amd64_microsoft.windows.common-controls_6595b64144ccf1df_6.0.19041.1_none_b555e41d4684ddec\COMCTL32.dll
0x00007ffd90c10000 - 0x00007ffd90c32000 	C:\Windows\System32\win32u.dll
0x00007ffd92d50000 - 0x00007ffd92dee000 	C:\Windows\System32\msvcrt.dll
0x00007ffd92530000 - 0x00007ffd9255a000 	C:\Windows\System32\GDI32.dll
0x00007ffd90ff0000 - 0x00007ffd910f9000 	C:\Windows\System32\gdi32full.dll
0x00007ffd91260000 - 0x00007ffd912fd000 	C:\Windows\System32\msvcp_win.dll
0x00007ffd92c40000 - 0x00007ffd92c70000 	C:\Windows\System32\IMM32.DLL
0x00007ffd6ad00000 - 0x00007ffd6ad9d000 	C:\Program Files\Android\Android Studio\jre\bin\msvcp140.dll
0x00007ffd67f20000 - 0x00007ffd68a05000 	C:\Program Files\Android\Android Studio\jre\bin\server\jvm.dll
0x00007ffd93180000 - 0x00007ffd9322a000 	C:\Windows\System32\ADVAPI32.dll
0x00007ffd91ff0000 - 0x00007ffd9208b000 	C:\Windows\System32\sechost.dll
0x00007ffd929e0000 - 0x00007ffd92b03000 	C:\Windows\System32\RPCRT4.dll
0x00007ffd92df0000 - 0x00007ffd92df8000 	C:\Windows\System32\PSAPI.DLL
0x00007ffd8be90000 - 0x00007ffd8be99000 	C:\Windows\SYSTEM32\WSOCK32.dll
0x00007ffd91c30000 - 0x00007ffd91c9b000 	C:\Windows\System32\WS2_32.dll
0x00007ffd86be0000 - 0x00007ffd86c07000 	C:\Windows\SYSTEM32\WINMM.dll
0x00007ffd886f0000 - 0x00007ffd886fa000 	C:\Windows\SYSTEM32\VERSION.dll
0x00007ffd8f2f0000 - 0x00007ffd8f303000 	C:\Windows\SYSTEM32\kernel.appcore.dll
0x00007ffd8adc0000 - 0x00007ffd8add1000 	C:\Program Files\Android\Android Studio\jre\bin\verify.dll
0x00007ffd8e5b0000 - 0x00007ffd8e794000 	C:\Windows\SYSTEM32\DBGHELP.DLL
0x00007ffd7f510000 - 0x00007ffd7f53c000 	C:\Windows\SYSTEM32\dbgcore.DLL
0x00007ffd90a90000 - 0x00007ffd90b0f000 	C:\Windows\System32\bcryptPrimitives.dll
0x00007ffd89bb0000 - 0x00007ffd89bd9000 	C:\Program Files\Android\Android Studio\jre\bin\java.dll
0x00007ffd89ba0000 - 0x00007ffd89bab000 	C:\Program Files\Android\Android Studio\jre\bin\jimage.dll
0x00007ffd89b30000 - 0x00007ffd89b48000 	C:\Program Files\Android\Android Studio\jre\bin\zip.dll
0x00007ffd914f0000 - 0x00007ffd91c21000 	C:\Windows\System32\SHELL32.dll
0x00007ffd8e7a0000 - 0x00007ffd8ef2a000 	C:\Windows\SYSTEM32\windows.storage.dll
0x00007ffd92170000 - 0x00007ffd924c4000 	C:\Windows\System32\combase.dll
0x00007ffd90390000 - 0x00007ffd903bb000 	C:\Windows\SYSTEM32\Wldp.dll
0x00007ffd930d0000 - 0x00007ffd9317e000 	C:\Windows\System32\SHCORE.dll
0x00007ffd924d0000 - 0x00007ffd92525000 	C:\Windows\System32\shlwapi.dll
0x00007ffd90920000 - 0x00007ffd9093f000 	C:\Windows\SYSTEM32\profapi.dll
0x00007ffd8bef0000 - 0x00007ffd8bf0a000 	C:\Program Files\Android\Android Studio\jre\bin\net.dll
0x00007ffd813d0000 - 0x00007ffd814d0000 	C:\Windows\SYSTEM32\WINHTTP.dll
0x00007ffd90110000 - 0x00007ffd9017a000 	C:\Windows\system32\mswsock.dll
0x00007ffd8bed0000 - 0x00007ffd8bee4000 	C:\Program Files\Android\Android Studio\jre\bin\nio.dll
0x00007ffd7af80000 - 0x00007ffd7afa7000 	C:\Users\Anna\.gradle\native\8bec1ad78214c89d9ad589b4d07fe93259594b29d510b10fafb7a158f7737e5d\windows-amd64\native-platform.dll
0x00007ffd59ea0000 - 0x00007ffd59fdd000 	C:\Users\Anna\.gradle\native\53dbd7edfb1c66fb8903c78663c9afc45aea4f116125fa6feffd364cf09443e8\windows-amd64\native-platform-file-events.dll
0x00007ffd8bec0000 - 0x00007ffd8beca000 	C:\Program Files\Android\Android Studio\jre\bin\management.dll
0x00007ffd8beb0000 - 0x00007ffd8bebd000 	C:\Program Files\Android\Android Studio\jre\bin\management_ext.dll
0x00007ffd902f0000 - 0x00007ffd90308000 	C:\Windows\SYSTEM32\CRYPTSP.dll
0x00007ffd8faa0000 - 0x00007ffd8fad4000 	C:\Windows\system32\rsaenh.dll
0x00007ffd90c40000 - 0x00007ffd90c67000 	C:\Windows\System32\bcrypt.dll
0x00007ffd908e0000 - 0x00007ffd9090e000 	C:\Windows\SYSTEM32\USERENV.dll
0x00007ffd902e0000 - 0x00007ffd902ec000 	C:\Windows\SYSTEM32\CRYPTBASE.dll
0x00007ffd8fe00000 - 0x00007ffd8fe3b000 	C:\Windows\SYSTEM32\IPHLPAPI.DLL
0x00007ffd929d0000 - 0x00007ffd929d9000 	C:\Windows\System32\NSI.dll
0x00007ffd88720000 - 0x00007ffd88737000 	C:\Windows\SYSTEM32\dhcpcsvc6.DLL
0x00007ffd88830000 - 0x00007ffd8884d000 	C:\Windows\SYSTEM32\dhcpcsvc.DLL
0x00007ffd8fe40000 - 0x00007ffd8ff0a000 	C:\Windows\SYSTEM32\DNSAPI.dll

dbghelp: loaded successfully - version: 4.0.5 - missing functions: none
symbol engine: initialized successfully - sym options: 0x614 - pdb path: .;C:\Program Files\Android\Android Studio\jre\bin;C:\Windows\SYSTEM32;C:\Windows\WinSxS\amd64_microsoft.windows.common-controls_6595b64144ccf1df_6.0.19041.1_none_b555e41d4684ddec;C:\Program Files\Android\Android Studio\jre\bin\server;C:\Users\Anna\.gradle\native\8bec1ad78214c89d9ad589b4d07fe93259594b29d510b10fafb7a158f7737e5d\windows-amd64;C:\Users\Anna\.gradle\native\53dbd7edfb1c66fb8903c78663c9afc45aea4f116125fa6feffd364cf09443e8\windows-amd64

VM Arguments:
jvm_args: --add-opens=java.base/java.util=ALL-UNNAMED --add-opens=java.base/java.lang=ALL-UNNAMED --add-opens=java.base/java.lang.invoke=ALL-UNNAMED --add-opens=java.base/java.util=ALL-UNNAMED --add-opens=java.prefs/java.util.prefs=ALL-UNNAMED --add-opens=java.prefs/java.util.prefs=ALL-UNNAMED --add-opens=java.base/java.nio.charset=ALL-UNNAMED --add-opens=java.base/java.net=ALL-UNNAMED --add-opens=java.base/java.util.concurrent.atomic=ALL-UNNAMED -Xmx2048m -Dfile.encoding=UTF-8 -Duser.country=RU -Duser.language=ru -Duser.variant 
java_command: org.gradle.launcher.daemon.bootstrap.GradleDaemon 7.0.2
java_class_path (initial): C:\Users\Anna\.gradle\wrapper\dists\gradle-7.0.2-bin\857tjihv64xamwrf0h14cai3r\gradle-7.0.2\lib\gradle-launcher-7.0.2.jar
Launcher Type: SUN_STANDARD

[Global flags]
     intx CICompilerCount                          = 4                                         {product} {ergonomic}
     uint ConcGCThreads                            = 2                                         {product} {ergonomic}
     uint G1ConcRefinementThreads                  = 8                                         {product} {ergonomic}
   size_t G1HeapRegionSize                         = 1048576                                   {product} {ergonomic}
    uintx GCDrainStackTargetSize                   = 64                                        {product} {ergonomic}
   size_t InitialHeapSize                          = 257949696                                 {product} {ergonomic}
   size_t MarkStackSize                            = 4194304                                   {product} {ergonomic}
   size_t MaxHeapSize                              = 2147483648                                {product} {command line}
   size_t MaxNewSize                               = 1287651328                                {product} {ergonomic}
   size_t MinHeapDeltaBytes                        = 1048576                                   {product} {ergonomic}
    uintx NonNMethodCodeHeapSize                   = 5836300                                {pd product} {ergonomic}
    uintx NonProfiledCodeHeapSize                  = 122910970                              {pd product} {ergonomic}
    uintx ProfiledCodeHeapSize                     = 122910970                              {pd product} {ergonomic}
    uintx ReservedCodeCacheSize                    = 251658240                              {pd product} {ergonomic}
     bool SegmentedCodeCache                       = true                                      {product} {ergonomic}
     bool UseCompressedClassPointers               = true                                 {lp64_product} {ergonomic}
     bool UseCompressedOops                        = true                                 {lp64_product} {ergonomic}
     bool UseG1GC                                  = true                                      {product} {ergonomic}
     bool UseLargePagesIndividualAllocation        = false                                  {pd product} {ergonomic}

Logging:
Log output configuration:
 #0: stdout all=warning uptime,level,tags
 #1: stderr all=off uptime,level,tags

Environment Variables:
PATH=C:\Windows\system32;C:\Windows;C:\Windows\System32\Wbem;C:\Windows\System32\WindowsPowerShell\v1.0\;C:\Program Files\Git\cmd;C:\Users\Anna\AppData\Local\Microsoft\WindowsApps;
USERNAME=Anna
OS=Windows_NT
PROCESSOR_IDENTIFIER=AMD64 Family 23 Model 96 Stepping 1, AuthenticAMD



---------------  S Y S T E M  ---------------

OS: Windows 10 , 64 bit Build 19041 (10.0.19041.207)
OS uptime: 0 days 0:27 hours

CPU:total 8 (initial active 8) (8 cores per cpu, 1 threads per core) family 23 model 96 stepping 1 microcode 0x0, cmov, cx8, fxsr, mmx, sse, sse2, sse3, ssse3, sse4.1, sse4.2, popcnt, avx, avx2, aes, clmul, mmxext, 3dnowpref, lzcnt, sse4a, tsc, tscinvbit, tscinv, bmi1, bmi2, adx, sha, fma

Memory: 4k page, system-wide physical 15741M (961M free)
TotalPageFile size 15741M (AvailPageFile size 5M)
current process WorkingSet (physical memory assigned to process): 248M, peak: 248M
current process commit charge ("private bytes"): 411M, peak: 412M

vm_info: OpenJDK 64-Bit Server VM (11.0.12+7-b1504.28-7817840) for windows-amd64 JRE (11.0.12+7-b1504.28-7817840), built on Oct 13 2021 22:12:33 by "builder" with MS VC++ 14.0 (VS2015)

END.
