#
# There is insufficient memory for the Java Runtime Environment to continue.
# Native memory allocation (mmap) failed to map 257949696 bytes for Failed to commit area from 0x000000070a000000 to 0x0000000719600000 of length 257949696.
# Possible reasons:
#   The system is out of physical RAM or swap space
#   The process is running with CompressedOops enabled, and the Java Heap may be blocking the growth of the native heap
# Possible solutions:
#   Reduce memory load on the system
#   Increase physical memory or swap space
#   Check if swap backing store is full
#   Decrease Java heap size (-Xmx/-Xms)
#   Decrease number of Java threads
#   Decrease Java thread stack sizes (-Xss)
#   Set larger code cache with -XX:ReservedCodeCacheSize=
# This output file may be truncated or incomplete.
#
#  Out of Memory Error (./src/hotspot/os/windows/os_windows.cpp:3521), pid=7176, tid=6104
#
# JRE version:  (11.0.12+7) (build )
# Java VM: OpenJDK 64-Bit Server VM (11.0.12+7-b1504.28-7817840, mixed mode, sharing, tiered, compressed oops, g1 gc, windows-amd64)
# No core dump will be written. Minidumps are not enabled by default on client versions of Windows
#

---------------  S U M M A R Y ------------

Command Line: org.jetbrains.kotlin.cli.jvm.K2JVMCompiler @C:\Users\Anna\AndroidStudioProjects\Bugs-master\app\build\20220810_8380575889601790251.compiler.options

Host: AMD Ryzen 7 4700U with Radeon Graphics         , 8 cores, 15G,  Windows 10 , 64 bit Build 19041 (10.0.19041.207)
Time: Wed Aug 10 11:24:05 2022 RTZ 2 (зима) elapsed time: 0.007162 seconds (0d 0h 0m 0s)

---------------  T H R E A D  ---------------

Current thread (0x00000204c856e000):  JavaThread "Unknown thread" [_thread_in_vm, id=6104, stack(0x000000dfc5800000,0x000000dfc5900000)]

Stack: [0x000000dfc5800000,0x000000dfc5900000]
Native frames: (J=compiled Java code, j=interpreted, Vv=VM code, C=native code)
V  [jvm.dll+0x5fbcea]
V  [jvm.dll+0x731905]
V  [jvm.dll+0x732f1d]
V  [jvm.dll+0x7335d3]
V  [jvm.dll+0x247bf8]
V  [jvm.dll+0x5f90b4]
V  [jvm.dll+0x5edc85]
V  [jvm.dll+0x305aeb]
V  [jvm.dll+0x305a5a]
V  [jvm.dll+0x305932]
V  [jvm.dll+0x30a896]
V  [jvm.dll+0x353803]
V  [jvm.dll+0x353f06]
V  [jvm.dll+0x353903]
V  [jvm.dll+0x2e0678]
V  [jvm.dll+0x2e1827]
V  [jvm.dll+0x710037]
V  [jvm.dll+0x71182c]
V  [jvm.dll+0x360da9]
V  [jvm.dll+0x6f390e]
V  [jvm.dll+0x3c9723]
V  [jvm.dll+0x3cb9b1]
C  [jli.dll+0x536b]
C  [ucrtbase.dll+0x21542]
C  [KERNEL32.DLL+0x16fd4]
C  [ntdll.dll+0x4cec1]


---------------  P R O C E S S  ---------------

Threads class SMR info:
_java_thread_list=0x00000204c8490c20, length=0, elements={
}

Java Threads: ( => current thread )

Other Threads:
  0x00000204ca75e800 GCTaskThread "GC Thread#0" [stack: 0x000000dfc5900000,0x000000dfc5a00000] [id=13168]
  0x00000204ca7b7000 ConcurrentGCThread "G1 Main Marker" [stack: 0x000000dfc5a00000,0x000000dfc5b00000] [id=12928]
  0x00000204ca7b8800 ConcurrentGCThread "G1 Conc#0" [stack: 0x000000dfc5b00000,0x000000dfc5c00000] [id=13428]

[error occurred during error reporting (printing all threads), id 0xc0000005, EXCEPTION_ACCESS_VIOLATION (0xc0000005) at pc=0x00007ffd68210be7]

VM state:not at safepoint (not fully initialized)

VM Mutex/Monitor currently owned by a thread:  ([mutex/lock_event])
[0x00000204c856a510] Heap_lock - owner thread: 0x00000204c856e000

Heap address: 0x000000070a000000, size: 3936 MB, Compressed Oops mode: Non-zero based: 0x000000070a000000
Narrow klass base: 0x0000000000000000, Narrow klass shift: 0

GC Heap History (0 events):
No events

Deoptimization events (0 events):
No events

Classes redefined (0 events):
No events

Internal exceptions (0 events):
No events

Events (1 events):
Event: 0.004 Loaded shared library C:\Program Files\Android\Android Studio\jre\bin\zip.dll


Dynamic libraries:
0x00007ff7b4d70000 - 0x00007ff7b4d7a000 	C:\Program Files\Android\Android Studio\jre\bin\java.exe
0x00007ffd93290000 - 0x00007ffd93484000 	C:\Windows\SYSTEM32\ntdll.dll
0x00007ffd913d0000 - 0x00007ffd9148d000 	C:\Windows\System32\KERNEL32.DLL
0x00007ffd90d20000 - 0x00007ffd90fe7000 	C:\Windows\System32\KERNELBASE.dll
0x00007ffd90b10000 - 0x00007ffd90c10000 	C:\Windows\System32\ucrtbase.dll
0x00007ffd7bc20000 - 0x00007ffd7bc39000 	C:\Program Files\Android\Android Studio\jre\bin\jli.dll
0x00007ffd79b20000 - 0x00007ffd79b37000 	C:\Program Files\Android\Android Studio\jre\bin\VCRUNTIME140.dll
0x00007ffd91e40000 - 0x00007ffd91fe0000 	C:\Windows\System32\USER32.dll
0x00007ffd7c380000 - 0x00007ffd7c61a000 	C:\Windows\WinSxS\amd64_microsoft.windows.common-controls_6595b64144ccf1df_6.0.19041.1_none_b555e41d4684ddec\COMCTL32.dll
0x00007ffd90c10000 - 0x00007ffd90c32000 	C:\Windows\System32\win32u.dll
0x00007ffd92d50000 - 0x00007ffd92dee000 	C:\Windows\System32\msvcrt.dll
0x00007ffd92530000 - 0x00007ffd9255a000 	C:\Windows\System32\GDI32.dll
0x00007ffd90ff0000 - 0x00007ffd910f9000 	C:\Windows\System32\gdi32full.dll
0x00007ffd91260000 - 0x00007ffd912fd000 	C:\Windows\System32\msvcp_win.dll
0x00007ffd92c40000 - 0x00007ffd92c70000 	C:\Windows\System32\IMM32.DLL
0x00007ffd6ad00000 - 0x00007ffd6ad9d000 	C:\Program Files\Android\Android Studio\jre\bin\msvcp140.dll
0x00007ffd67f20000 - 0x00007ffd68a05000 	C:\Program Files\Android\Android Studio\jre\bin\server\jvm.dll
0x00007ffd93180000 - 0x00007ffd9322a000 	C:\Windows\System32\ADVAPI32.dll
0x00007ffd91ff0000 - 0x00007ffd9208b000 	C:\Windows\System32\sechost.dll
0x00007ffd929e0000 - 0x00007ffd92b03000 	C:\Windows\System32\RPCRT4.dll
0x00007ffd92df0000 - 0x00007ffd92df8000 	C:\Windows\System32\PSAPI.DLL
0x00007ffd86be0000 - 0x00007ffd86c07000 	C:\Windows\SYSTEM32\WINMM.dll
0x00007ffd886f0000 - 0x00007ffd886fa000 	C:\Windows\SYSTEM32\VERSION.dll
0x00007ffd8be90000 - 0x00007ffd8be99000 	C:\Windows\SYSTEM32\WSOCK32.dll
0x00007ffd91c30000 - 0x00007ffd91c9b000 	C:\Windows\System32\WS2_32.dll
0x00007ffd8f2f0000 - 0x00007ffd8f303000 	C:\Windows\SYSTEM32\kernel.appcore.dll
0x00007ffd8adc0000 - 0x00007ffd8add1000 	C:\Program Files\Android\Android Studio\jre\bin\verify.dll
0x00007ffd8e5b0000 - 0x00007ffd8e794000 	C:\Windows\SYSTEM32\DBGHELP.DLL
0x00007ffd7f510000 - 0x00007ffd7f53c000 	C:\Windows\SYSTEM32\dbgcore.DLL
0x00007ffd90a90000 - 0x00007ffd90b0f000 	C:\Windows\System32\bcryptPrimitives.dll
0x00007ffd89bb0000 - 0x00007ffd89bd9000 	C:\Program Files\Android\Android Studio\jre\bin\java.dll
0x00007ffd89ba0000 - 0x00007ffd89bab000 	C:\Program Files\Android\Android Studio\jre\bin\jimage.dll
0x00007ffd89b30000 - 0x00007ffd89b48000 	C:\Program Files\Android\Android Studio\jre\bin\zip.dll

dbghelp: loaded successfully - version: 4.0.5 - missing functions: none
symbol engine: initialized successfully - sym options: 0x614 - pdb path: .;C:\Program Files\Android\Android Studio\jre\bin;C:\Windows\SYSTEM32;C:\Windows\WinSxS\amd64_microsoft.windows.common-controls_6595b64144ccf1df_6.0.19041.1_none_b555e41d4684ddec;C:\Program Files\Android\Android Studio\jre\bin\server

VM Arguments:
java_command: org.jetbrains.kotlin.cli.jvm.K2JVMCompiler @C:\Users\Anna\AndroidStudioProjects\Bugs-master\app\build\20220810_8380575889601790251.compiler.options
java_class_path (initial): C:\Users\Anna\.gradle\caches\modules-2\files-2.1\org.jetbrains.kotlin\kotlin-compiler-embeddable\1.6.10\88f2073f4020cdb83132cfe940ceb9a60aba54ea\kotlin-compiler-embeddable-1.6.10.jar;C:\Users\Anna\.gradle\caches\modules-2\files-2.1\org.jetbrains.kotlin\kotlin-reflect\1.6.10\1cbe9c92c12a94eea200d23c2bbaedaf3daf5132\kotlin-reflect-1.6.10.jar;C:\Users\Anna\.gradle\caches\modules-2\files-2.1\org.jetbrains.kotlin\kotlin-stdlib\1.6.10\b8af3fe6f1ca88526914929add63cf5e7c5049af\kotlin-stdlib-1.6.10.jar;C:\Users\Anna\.gradle\caches\modules-2\files-2.1\org.jetbrains.kotlin\kotlin-script-runtime\1.6.10\d0a7ff2e2500ef497ed0214ae40ad3c8387a6164\kotlin-script-runtime-1.6.10.jar;C:\Users\Anna\.gradle\caches\modules-2\files-2.1\org.jetbrains.kotlin\kotlin-daemon-embeddable\1.6.10\a56d79bcbea411fa6058e4ecffc2de73e742bd2a\kotlin-daemon-embeddable-1.6.10.jar;C:\Users\Anna\.gradle\caches\modules-2\files-2.1\org.jetbrains.intellij.deps\trove4j\1.0.20181211\216c2e14b070f334479d800987affe4054cd563f\trove4j-1.0.20181211.jar;C:\Users\Anna\.gradle\caches\modules-2\files-2.1\net.java.dev.jna\jna\5.6.0\330f2244e9030119ab3030fc3fededc86713d9cc\jna-5.6.0.jar;C:\Users\Anna\.gradle\caches\modules-2\files-2.1\org.jetbrains\annotations\13.0\919f0dfe192fb4e063e7dacadee7f8bb9a2672a9\annotations-13.0.jar;C:\Users\Anna\.gradle\caches\modules-2\files-2.1\org.jetbrains.kotlin\kotlin-stdlib-common\1.6.10\c118700e3a33c8a0d9adc920e9dec0831171925\kotlin-stdlib-common-1.6.10.jar
Launcher Type: SUN_STANDARD

[Global flags]
     intx CICompilerCount                          = 4                                         {product} {ergonomic}
     uint ConcGCThreads                            = 2                                         {product} {ergonomic}
     uint G1ConcRefinementThreads                  = 8                                         {product} {ergonomic}
   size_t G1HeapRegionSize                         = 1048576                                   {product} {ergonomic}
    uintx GCDrainStackTargetSize                   = 64                                        {product} {ergonomic}
   size_t InitialHeapSize                          = 257949696                                 {product} {ergonomic}
   size_t MarkStackSize                            = 4194304                                   {product} {ergonomic}
   size_t MaxHeapSize                              = 4127195136                                {product} {ergonomic}
   size_t MinHeapDeltaBytes                        = 1048576                                   {product} {ergonomic}
    uintx NonNMethodCodeHeapSize                   = 5836300                                {pd product} {ergonomic}
    uintx NonProfiledCodeHeapSize                  = 122910970                              {pd product} {ergonomic}
    uintx ProfiledCodeHeapSize                     = 122910970                              {pd product} {ergonomic}
    uintx ReservedCodeCacheSize                    = 251658240                              {pd product} {ergonomic}
     bool SegmentedCodeCache                       = true                                      {product} {ergonomic}
     bool UseCompressedClassPointers               = true                                 {lp64_product} {ergonomic}
     bool UseCompressedOops                        = true                                 {lp64_product} {ergonomic}
     bool UseG1GC                                  = true                                      {product} {ergonomic}
     bool UseLargePagesIndividualAllocation        = false                                  {pd product} {ergonomic}

Logging:
Log output configuration:
 #0: stdout all=warning uptime,level,tags
 #1: stderr all=off uptime,level,tags

Environment Variables:
PATH=C:\Windows\system32;C:\Windows;C:\Windows\System32\Wbem;C:\Windows\System32\WindowsPowerShell\v1.0\;C:\Program Files\Git\cmd;C:\Users\Anna\AppData\Local\Microsoft\WindowsApps;
USERNAME=Anna
OS=Windows_NT
PROCESSOR_IDENTIFIER=AMD64 Family 23 Model 96 Stepping 1, AuthenticAMD



---------------  S Y S T E M  ---------------

OS: Windows 10 , 64 bit Build 19041 (10.0.19041.207)
OS uptime: 0 days 0:27 hours

CPU:total 8 (initial active 8) (8 cores per cpu, 1 threads per core) family 23 model 96 stepping 1 microcode 0x0, cmov, cx8, fxsr, mmx, sse, sse2, sse3, ssse3, sse4.1, sse4.2, popcnt, avx, avx2, aes, clmul, mmxext, 3dnowpref, lzcnt, sse4a, tsc, tscinvbit, tscinv, bmi1, bmi2, adx, sha, fma

Memory: 4k page, system-wide physical 15741M (1062M free)
TotalPageFile size 15741M (AvailPageFile size 186M)
current process WorkingSet (physical memory assigned to process): 10M, peak: 10M
current process commit charge ("private bytes"): 60M, peak: 306M

vm_info: OpenJDK 64-Bit Server VM (11.0.12+7-b1504.28-7817840) for windows-amd64 JRE (11.0.12+7-b1504.28-7817840), built on Oct 13 2021 22:12:33 by "builder" with MS VC++ 14.0 (VS2015)

END.
